<?xml version="1.0" encoding="UTF-8"?>
<testsuite name="demo.SystemTest" tests="39" skipped="0" failures="0" errors="0" timestamp="2023-03-08T14:15:04" hostname="LAPTOP-95RP200R" time="167.603">
  <properties/>
  <testcase name="AATestCreateNewAccount" classname="demo.SystemTest" time="10.073"/>
  <testcase name="ABTestCreateNewAccount" classname="demo.SystemTest" time="4.321"/>
  <testcase name="ACTestCreateNewAccount" classname="demo.SystemTest" time="4.335"/>
  <testcase name="ADTestCreateNewAccount" classname="demo.SystemTest" time="4.364"/>
  <testcase name="AETestCreateNewAccount" classname="demo.SystemTest" time="4.242"/>
  <testcase name="AFTestCreateNewAccount" classname="demo.SystemTest" time="4.423"/>
  <testcase name="AGTestCreateNewAccount" classname="demo.SystemTest" time="4.234"/>
  <testcase name="AHTestCreateNewAccount" classname="demo.SystemTest" time="4.04"/>
  <testcase name="BATestLogIn" classname="demo.SystemTest" time="3.496"/>
  <testcase name="BBTestLogIn" classname="demo.SystemTest" time="3.419"/>
  <testcase name="BCTestLogIn" classname="demo.SystemTest" time="3.442"/>
  <testcase name="BDTestLogIn" classname="demo.SystemTest" time="3.457"/>
  <testcase name="DATestAccount" classname="demo.SystemTest" time="3.694"/>
  <testcase name="DBTestAccount" classname="demo.SystemTest" time="3.84"/>
  <testcase name="DCTestAccount" classname="demo.SystemTest" time="3.659"/>
  <testcase name="EATestProfile" classname="demo.SystemTest" time="4.015"/>
  <testcase name="EBTestProfile" classname="demo.SystemTest" time="4.03"/>
  <testcase name="ECTestProfile" classname="demo.SystemTest" time="4.204"/>
  <testcase name="EDTestProfile" classname="demo.SystemTest" time="6.446"/>
  <testcase name="EETestProfile" classname="demo.SystemTest" time="4.066"/>
  <testcase name="EFTestProfile" classname="demo.SystemTest" time="4.053"/>
  <testcase name="EGTestProfile" classname="demo.SystemTest" time="4.118"/>
  <testcase name="EHTestProfile" classname="demo.SystemTest" time="4.031"/>
  <testcase name="EITestBack" classname="demo.SystemTest" time="3.946"/>
  <testcase name="FATestRegistration" classname="demo.SystemTest" time="4.298"/>
  <testcase name="FBTestRegistration" classname="demo.SystemTest" time="4.153"/>
  <testcase name="FCTestRegistration" classname="demo.SystemTest" time="4.256"/>
  <testcase name="FDTestRegistration" classname="demo.SystemTest" time="4.275"/>
  <testcase name="FETestRegistration" classname="demo.SystemTest" time="4.197"/>
  <testcase name="FFTestRegistration" classname="demo.SystemTest" time="4.368"/>
  <testcase name="FGTestRegistration" classname="demo.SystemTest" time="4.227"/>
  <testcase name="FHTestRegistration" classname="demo.SystemTest" time="4.234"/>
  <testcase name="FITestBack" classname="demo.SystemTest" time="3.753"/>
  <testcase name="GATestChronology" classname="demo.SystemTest" time="3.933"/>
  <testcase name="GBTestChronology" classname="demo.SystemTest" time="5.088"/>
  <testcase name="GCTestBack" classname="demo.SystemTest" time="4.973"/>
  <testcase name="HATestLogOut" classname="demo.SystemTest" time="3.65"/>
  <testcase name="IATestDelete" classname="demo.SystemTest" time="4.065"/>
  <testcase name="IBTestDelete" classname="demo.SystemTest" time="4.144"/>
  <system-out><![CDATA[15:14:47.145 [Test worker] DEBUG org.springframework.test.context.junit4.SpringJUnit4ClassRunner - SpringJUnit4ClassRunner constructor called with [class demo.SystemTest]
15:14:47.220 [Test worker] DEBUG org.springframework.test.context.BootstrapUtils - Instantiating CacheAwareContextLoaderDelegate from class [org.springframework.test.context.cache.DefaultCacheAwareContextLoaderDelegate]
15:14:47.277 [Test worker] DEBUG org.springframework.test.context.BootstrapUtils - Instantiating BootstrapContext using constructor [public org.springframework.test.context.support.DefaultBootstrapContext(java.lang.Class,org.springframework.test.context.CacheAwareContextLoaderDelegate)]
15:14:47.432 [Test worker] DEBUG org.springframework.test.context.BootstrapUtils - Instantiating TestContextBootstrapper for test class [demo.SystemTest] from class [org.springframework.boot.test.context.SpringBootTestContextBootstrapper]
15:14:47.536 [Test worker] INFO org.springframework.boot.test.context.SpringBootTestContextBootstrapper - Neither @ContextConfiguration nor @ContextHierarchy found for test class [demo.SystemTest], using SpringBootContextLoader
15:14:47.560 [Test worker] DEBUG org.springframework.test.context.support.AbstractContextLoader - Did not detect default resource location for test class [demo.SystemTest]: class path resource [demo/SystemTest-context.xml] does not exist
15:14:47.563 [Test worker] DEBUG org.springframework.test.context.support.AbstractContextLoader - Did not detect default resource location for test class [demo.SystemTest]: class path resource [demo/SystemTestContext.groovy] does not exist
15:14:47.563 [Test worker] INFO org.springframework.test.context.support.AbstractContextLoader - Could not detect default resource locations for test class [demo.SystemTest]: no resource found for suffixes {-context.xml, Context.groovy}.
15:14:47.566 [Test worker] INFO org.springframework.test.context.support.AnnotationConfigContextLoaderUtils - Could not detect default configuration classes for test class [demo.SystemTest]: SystemTest does not declare any static, non-private, non-final, nested classes annotated with @Configuration.
15:14:47.776 [Test worker] DEBUG org.springframework.test.context.support.ActiveProfilesUtils - Could not find an 'annotation declaring class' for annotation type [org.springframework.test.context.ActiveProfiles] and class [demo.SystemTest]
15:14:48.180 [Test worker] DEBUG org.springframework.context.annotation.ClassPathScanningCandidateComponentProvider - Identified candidate component class: file [C:\Users\massa\Documents\Università\FondamentiDiIngegneriaDelSW\provaProgetto\PompaInsulinica\PompaInsulinica\build\classes\java\main\demo\ServingWebContentApplication.class]
15:14:48.183 [Test worker] INFO org.springframework.boot.test.context.SpringBootTestContextBootstrapper - Found @SpringBootConfiguration demo.ServingWebContentApplication for test class demo.SystemTest
15:14:48.759 [Test worker] DEBUG org.springframework.boot.test.context.SpringBootTestContextBootstrapper - @TestExecutionListeners is not present for class [demo.SystemTest]: using defaults.
15:14:48.762 [Test worker] INFO org.springframework.boot.test.context.SpringBootTestContextBootstrapper - Loaded default TestExecutionListener class names from location [META-INF/spring.factories]: [org.springframework.boot.test.autoconfigure.restdocs.RestDocsTestExecutionListener, org.springframework.boot.test.autoconfigure.web.client.MockRestServiceServerResetTestExecutionListener, org.springframework.boot.test.autoconfigure.web.servlet.MockMvcPrintOnlyOnFailureTestExecutionListener, org.springframework.boot.test.autoconfigure.web.servlet.WebDriverTestExecutionListener, org.springframework.boot.test.autoconfigure.webservices.client.MockWebServiceServerTestExecutionListener, org.springframework.boot.test.mock.mockito.MockitoTestExecutionListener, org.springframework.boot.test.mock.mockito.ResetMocksTestExecutionListener, org.springframework.test.context.web.ServletTestExecutionListener, org.springframework.test.context.support.DirtiesContextBeforeModesTestExecutionListener, org.springframework.test.context.support.DependencyInjectionTestExecutionListener, org.springframework.test.context.support.DirtiesContextTestExecutionListener, org.springframework.test.context.transaction.TransactionalTestExecutionListener, org.springframework.test.context.jdbc.SqlScriptsTestExecutionListener, org.springframework.test.context.event.EventPublishingTestExecutionListener]
15:14:48.851 [Test worker] INFO org.springframework.boot.test.context.SpringBootTestContextBootstrapper - Using TestExecutionListeners: [org.springframework.test.context.web.ServletTestExecutionListener@4056ec7b, org.springframework.test.context.support.DirtiesContextBeforeModesTestExecutionListener@6b5f513f, org.springframework.boot.test.mock.mockito.MockitoTestExecutionListener@54951476, org.springframework.boot.test.autoconfigure.SpringBootDependencyInjectionTestExecutionListener@160419e1, org.springframework.test.context.support.DirtiesContextTestExecutionListener@61461a6e, org.springframework.test.context.transaction.TransactionalTestExecutionListener@708169d0, org.springframework.test.context.jdbc.SqlScriptsTestExecutionListener@c4bf512, org.springframework.test.context.event.EventPublishingTestExecutionListener@3ab63e6b, org.springframework.boot.test.autoconfigure.restdocs.RestDocsTestExecutionListener@6b72d639, org.springframework.boot.test.autoconfigure.web.client.MockRestServiceServerResetTestExecutionListener@10c6ed6e, org.springframework.boot.test.autoconfigure.web.servlet.MockMvcPrintOnlyOnFailureTestExecutionListener@43f67901, org.springframework.boot.test.autoconfigure.web.servlet.WebDriverTestExecutionListener@48b85272, org.springframework.boot.test.autoconfigure.webservices.client.MockWebServiceServerTestExecutionListener@35068642, org.springframework.boot.test.mock.mockito.ResetMocksTestExecutionListener@120cb011]
15:14:48.867 [Test worker] DEBUG org.springframework.test.annotation.ProfileValueUtils - Retrieved @ProfileValueSourceConfiguration [null] for test class [demo.SystemTest]
15:14:48.872 [Test worker] DEBUG org.springframework.test.annotation.ProfileValueUtils - Retrieved ProfileValueSource type [class org.springframework.test.annotation.SystemProfileValueSource] for class [demo.SystemTest]
15:14:48.887 [Test worker] DEBUG org.springframework.test.annotation.ProfileValueUtils - Retrieved @ProfileValueSourceConfiguration [null] for test class [demo.SystemTest]
15:14:48.890 [Test worker] DEBUG org.springframework.test.annotation.ProfileValueUtils - Retrieved ProfileValueSource type [class org.springframework.test.annotation.SystemProfileValueSource] for class [demo.SystemTest]
15:14:48.891 [Test worker] DEBUG org.springframework.test.annotation.ProfileValueUtils - Retrieved @ProfileValueSourceConfiguration [null] for test class [demo.SystemTest]
15:14:48.891 [Test worker] DEBUG org.springframework.test.annotation.ProfileValueUtils - Retrieved ProfileValueSource type [class org.springframework.test.annotation.SystemProfileValueSource] for class [demo.SystemTest]
15:14:48.909 [Test worker] DEBUG org.springframework.test.context.support.AbstractDirtiesContextTestExecutionListener - Before test class: context [DefaultTestContext@e0b4447 testClass = SystemTest, testInstance = [null], testMethod = [null], testException = [null], mergedContextConfiguration = [WebMergedContextConfiguration@9f8c745 testClass = SystemTest, locations = '{}', classes = '{class demo.ServingWebContentApplication}', contextInitializerClasses = '[]', activeProfiles = '{}', propertySourceLocations = '{}', propertySourceProperties = '{org.springframework.boot.test.context.SpringBootTestContextBootstrapper=true}', contextCustomizers = set[org.springframework.boot.test.autoconfigure.properties.PropertyMappingContextCustomizer@0, org.springframework.boot.test.autoconfigure.web.servlet.WebDriverContextCustomizerFactory$Customizer@60777edf, org.springframework.boot.test.context.filter.ExcludeFilterContextCustomizer@758de514, org.springframework.boot.test.json.DuplicateJsonObjectContextCustomizerFactory$DuplicateJsonObjectContextCustomizer@5bb7915a, org.springframework.boot.test.mock.mockito.MockitoContextCustomizer@0, org.springframework.boot.test.web.client.TestRestTemplateContextCustomizer@63ec87f, org.springframework.boot.test.context.SpringBootTestArgs@1], resourceBasePath = 'src/main/webapp', contextLoader = 'org.springframework.boot.test.context.SpringBootContextLoader', parent = [null]], attributes = map['org.springframework.test.context.web.ServletTestExecutionListener.activateListener' -> false]], class annotated with @DirtiesContext [false] with mode [null].
15:14:48.916 [Test worker] DEBUG org.springframework.test.annotation.ProfileValueUtils - Retrieved @ProfileValueSourceConfiguration [null] for test class [demo.SystemTest]
15:14:48.917 [Test worker] DEBUG org.springframework.test.annotation.ProfileValueUtils - Retrieved ProfileValueSource type [class org.springframework.test.annotation.SystemProfileValueSource] for class [demo.SystemTest]
15:14:48.939 [Test worker] DEBUG org.springframework.test.context.support.DependencyInjectionTestExecutionListener - Performing dependency injection for test context [[DefaultTestContext@e0b4447 testClass = SystemTest, testInstance = demo.SystemTest@857fcfa, testMethod = [null], testException = [null], mergedContextConfiguration = [WebMergedContextConfiguration@9f8c745 testClass = SystemTest, locations = '{}', classes = '{class demo.ServingWebContentApplication}', contextInitializerClasses = '[]', activeProfiles = '{}', propertySourceLocations = '{}', propertySourceProperties = '{org.springframework.boot.test.context.SpringBootTestContextBootstrapper=true}', contextCustomizers = set[org.springframework.boot.test.autoconfigure.properties.PropertyMappingContextCustomizer@0, org.springframework.boot.test.autoconfigure.web.servlet.WebDriverContextCustomizerFactory$Customizer@60777edf, org.springframework.boot.test.context.filter.ExcludeFilterContextCustomizer@758de514, org.springframework.boot.test.json.DuplicateJsonObjectContextCustomizerFactory$DuplicateJsonObjectContextCustomizer@5bb7915a, org.springframework.boot.test.mock.mockito.MockitoContextCustomizer@0, org.springframework.boot.test.web.client.TestRestTemplateContextCustomizer@63ec87f, org.springframework.boot.test.context.SpringBootTestArgs@1], resourceBasePath = 'src/main/webapp', contextLoader = 'org.springframework.boot.test.context.SpringBootContextLoader', parent = [null]], attributes = map['org.springframework.test.context.web.ServletTestExecutionListener.activateListener' -> false]]].
15:14:49.042 [Test worker] DEBUG org.springframework.test.context.support.TestPropertySourceUtils - Adding inlined properties to environment: {spring.jmx.enabled=false, org.springframework.boot.test.context.SpringBootTestContextBootstrapper=true}

  .   ____          _            __ _ _
 /\\ / ___'_ __ _ _(_)_ __  __ _ \ \ \ \
( ( )\___ | '_ | '_| | '_ \/ _` | \ \ \ \
 \\/  ___)| |_)| | | | | || (_| |  ) ) ) )
  '  |____| .__|_| |_|_| |_\__, | / / / /
 =========|_|==============|___/=/_/_/_/
 :: Spring Boot ::        (v2.3.2.RELEASE)

2023-03-08 15:14:50.269  INFO 2396 --- [    Test worker] demo.SystemTest                          : Starting SystemTest on LAPTOP-95RP200R with PID 2396 (started by massa in C:\Users\massa\Documents\Università\FondamentiDiIngegneriaDelSW\provaProgetto\PompaInsulinica\PompaInsulinica)
2023-03-08 15:14:50.272  INFO 2396 --- [    Test worker] demo.SystemTest                          : No active profile set, falling back to default profiles: default
2023-03-08 15:14:52.599  INFO 2396 --- [    Test worker] .s.d.r.c.RepositoryConfigurationDelegate : Bootstrapping Spring Data JPA repositories in DEFERRED mode.
2023-03-08 15:14:52.814  INFO 2396 --- [    Test worker] .s.d.r.c.RepositoryConfigurationDelegate : Finished Spring Data repository scanning in 180ms. Found 2 JPA repository interfaces.
2023-03-08 15:14:55.253  INFO 2396 --- [    Test worker] o.s.b.w.embedded.tomcat.TomcatWebServer  : Tomcat initialized with port(s): 8080 (http)
2023-03-08 15:14:55.322  INFO 2396 --- [    Test worker] o.apache.catalina.core.StandardService   : Starting service [Tomcat]
2023-03-08 15:14:55.323  INFO 2396 --- [    Test worker] org.apache.catalina.core.StandardEngine  : Starting Servlet engine: [Apache Tomcat/9.0.37]
2023-03-08 15:14:55.810  INFO 2396 --- [    Test worker] o.a.c.c.C.[Tomcat].[localhost].[/]       : Initializing Spring embedded WebApplicationContext
2023-03-08 15:14:55.811  INFO 2396 --- [    Test worker] w.s.c.ServletWebServerApplicationContext : Root WebApplicationContext: initialization completed in 5456 ms
2023-03-08 15:14:56.029  INFO 2396 --- [    Test worker] com.zaxxer.hikari.HikariDataSource       : HikariPool-1 - Starting...
2023-03-08 15:14:57.238  INFO 2396 --- [    Test worker] com.zaxxer.hikari.HikariDataSource       : HikariPool-1 - Start completed.
2023-03-08 15:14:57.274  INFO 2396 --- [    Test worker] o.s.b.a.h2.H2ConsoleAutoConfiguration    : H2 console available at '/h2console'. Database available at 'jdbc:h2:~/insulinaDb'
2023-03-08 15:14:58.195  INFO 2396 --- [    Test worker] o.s.s.concurrent.ThreadPoolTaskExecutor  : Initializing ExecutorService 'applicationTaskExecutor'
2023-03-08 15:14:58.417  INFO 2396 --- [         task-1] o.hibernate.jpa.internal.util.LogHelper  : HHH000204: Processing PersistenceUnitInfo [name: default]
2023-03-08 15:14:58.787  INFO 2396 --- [         task-1] org.hibernate.Version                    : HHH000412: Hibernate ORM core version 5.4.18.Final
2023-03-08 15:14:59.595  INFO 2396 --- [         task-1] o.hibernate.annotations.common.Version   : HCANN000001: Hibernate Commons Annotations {5.1.0.Final}
2023-03-08 15:15:00.196  INFO 2396 --- [         task-1] org.hibernate.dialect.Dialect            : HHH000400: Using dialect: org.hibernate.dialect.H2Dialect
2023-03-08 15:15:02.177  INFO 2396 --- [    Test worker] o.s.b.w.embedded.tomcat.TomcatWebServer  : Tomcat started on port(s): 8080 (http) with context path ''
2023-03-08 15:15:02.178  INFO 2396 --- [    Test worker] DeferredRepositoryInitializationListener : Triggering deferred initialization of Spring Data repositories…
2023-03-08 15:15:03.643  INFO 2396 --- [         task-1] o.h.e.t.j.p.i.JtaPlatformInitiator       : HHH000490: Using JtaPlatform implementation: [org.hibernate.engine.transaction.jta.platform.internal.NoJtaPlatform]
2023-03-08 15:15:03.671  INFO 2396 --- [         task-1] j.LocalContainerEntityManagerFactoryBean : Initialized JPA EntityManagerFactory for persistence unit 'default'
2023-03-08 15:15:04.633  INFO 2396 --- [    Test worker] DeferredRepositoryInitializationListener : Spring Data repositories initialized!
2023-03-08 15:15:04.691  INFO 2396 --- [    Test worker] demo.SystemTest                          : Started SystemTest in 15.635 seconds (JVM running for 21.723)
2023-03-08 15:15:09.724  INFO 2396 --- [ null to remote] o.o.selenium.remote.ProtocolHandshake    : Detected dialect: W3C
2023-03-08 15:15:10.131  INFO 2396 --- [nio-8080-exec-2] o.a.c.c.C.[Tomcat].[localhost].[/]       : Initializing Spring DispatcherServlet 'dispatcherServlet'
2023-03-08 15:15:10.131  INFO 2396 --- [nio-8080-exec-2] o.s.web.servlet.DispatcherServlet        : Initializing Servlet 'dispatcherServlet'
2023-03-08 15:15:10.195  INFO 2396 --- [nio-8080-exec-2] o.s.web.servlet.DispatcherServlet        : Completed initialization in 64 ms
Hibernate: select person0_.id as id1_1_, person0_.email as email2_1_, person0_.name as name3_1_, person0_.password as password4_1_, person0_.surname as surname5_1_, person0_.username as username6_1_ from person person0_ where person0_.username=?
2023-03-08 15:15:16.555  INFO 2396 --- [ null to remote] o.o.selenium.remote.ProtocolHandshake    : Detected dialect: W3C
Hibernate: select person0_.id as id1_1_, person0_.email as email2_1_, person0_.name as name3_1_, person0_.password as password4_1_, person0_.surname as surname5_1_, person0_.username as username6_1_ from person person0_ where person0_.username=?
2023-03-08 15:15:20.841  INFO 2396 --- [ null to remote] o.o.selenium.remote.ProtocolHandshake    : Detected dialect: W3C
Hibernate: select person0_.id as id1_1_, person0_.email as email2_1_, person0_.name as name3_1_, person0_.password as password4_1_, person0_.surname as surname5_1_, person0_.username as username6_1_ from person person0_ where person0_.username=?
2023-03-08 15:15:25.195  INFO 2396 --- [ null to remote] o.o.selenium.remote.ProtocolHandshake    : Detected dialect: W3C
2023-03-08 15:15:29.525  INFO 2396 --- [ null to remote] o.o.selenium.remote.ProtocolHandshake    : Detected dialect: W3C
Hibernate: select person0_.id as id1_1_, person0_.email as email2_1_, person0_.name as name3_1_, person0_.password as password4_1_, person0_.surname as surname5_1_, person0_.username as username6_1_ from person person0_ where person0_.username=?
2023-03-08 15:15:33.819  INFO 2396 --- [ null to remote] o.o.selenium.remote.ProtocolHandshake    : Detected dialect: W3C
Hibernate: select person0_.id as id1_1_, person0_.email as email2_1_, person0_.name as name3_1_, person0_.password as password4_1_, person0_.surname as surname5_1_, person0_.username as username6_1_ from person person0_ where person0_.username=?
Hibernate: call next value for hibernate_sequence
Hibernate: insert into person (email, name, password, surname, username, id) values (?, ?, ?, ?, ?, ?)
2023-03-08 15:15:38.223  INFO 2396 --- [ null to remote] o.o.selenium.remote.ProtocolHandshake    : Detected dialect: W3C
Hibernate: select person0_.id as id1_1_, person0_.email as email2_1_, person0_.name as name3_1_, person0_.password as password4_1_, person0_.surname as surname5_1_, person0_.username as username6_1_ from person person0_ where person0_.username=?
2023-03-08 15:15:42.435  INFO 2396 --- [ null to remote] o.o.selenium.remote.ProtocolHandshake    : Detected dialect: W3C
Hibernate: select person0_.id as id1_1_, person0_.email as email2_1_, person0_.name as name3_1_, person0_.password as password4_1_, person0_.surname as surname5_1_, person0_.username as username6_1_ from person person0_ where person0_.username=?
Hibernate: call next value for hibernate_sequence
Hibernate: insert into person (email, name, password, surname, username, id) values (?, ?, ?, ?, ?, ?)
2023-03-08 15:15:46.468  INFO 2396 --- [ null to remote] o.o.selenium.remote.ProtocolHandshake    : Detected dialect: W3C
Hibernate: select person0_.id as id1_1_, person0_.email as email2_1_, person0_.name as name3_1_, person0_.password as password4_1_, person0_.surname as surname5_1_, person0_.username as username6_1_ from person person0_ where person0_.username=?
2023-03-08 15:15:49.916  INFO 2396 --- [ null to remote] o.o.selenium.remote.ProtocolHandshake    : Detected dialect: W3C
Hibernate: select person0_.id as id1_1_, person0_.email as email2_1_, person0_.name as name3_1_, person0_.password as password4_1_, person0_.surname as surname5_1_, person0_.username as username6_1_ from person person0_ where person0_.username=?
2023-03-08 15:15:53.369  INFO 2396 --- [ null to remote] o.o.selenium.remote.ProtocolHandshake    : Detected dialect: W3C
Hibernate: select person0_.id as id1_1_, person0_.email as email2_1_, person0_.name as name3_1_, person0_.password as password4_1_, person0_.surname as surname5_1_, person0_.username as username6_1_ from person person0_ where person0_.username=?
2023-03-08 15:15:56.824  INFO 2396 --- [ null to remote] o.o.selenium.remote.ProtocolHandshake    : Detected dialect: W3C
Hibernate: select person0_.id as id1_1_, person0_.email as email2_1_, person0_.name as name3_1_, person0_.password as password4_1_, person0_.surname as surname5_1_, person0_.username as username6_1_ from person person0_ where person0_.username=?
2023-03-08 15:16:00.257  INFO 2396 --- [ null to remote] o.o.selenium.remote.ProtocolHandshake    : Detected dialect: W3C
Hibernate: select person0_.id as id1_1_, person0_.email as email2_1_, person0_.name as name3_1_, person0_.password as password4_1_, person0_.surname as surname5_1_, person0_.username as username6_1_ from person person0_ where person0_.username=?
Hibernate: select person0_.id as id1_1_0_, person0_.email as email2_1_0_, person0_.name as name3_1_0_, person0_.password as password4_1_0_, person0_.surname as surname5_1_0_, person0_.username as username6_1_0_ from person person0_ where person0_.id=?
2023-03-08 15:16:04.086  INFO 2396 --- [ null to remote] o.o.selenium.remote.ProtocolHandshake    : Detected dialect: W3C
Hibernate: select person0_.id as id1_1_, person0_.email as email2_1_, person0_.name as name3_1_, person0_.password as password4_1_, person0_.surname as surname5_1_, person0_.username as username6_1_ from person person0_ where person0_.username=?
Hibernate: select person0_.id as id1_1_0_, person0_.email as email2_1_0_, person0_.name as name3_1_0_, person0_.password as password4_1_0_, person0_.surname as surname5_1_0_, person0_.username as username6_1_0_ from person person0_ where person0_.id=?
Hibernate: select measuremen0_.id as id1_0_, measuremen0_.comment as comment2_0_, measuremen0_.glycemia as glycemia3_0_, measuremen0_.id_person as id_perso4_0_, measuremen0_.insulin as insulin5_0_, measuremen0_.time as time6_0_ from measurement measuremen0_ where measuremen0_.id_person=?
2023-03-08 15:16:07.797  INFO 2396 --- [ null to remote] o.o.selenium.remote.ProtocolHandshake    : Detected dialect: W3C
Hibernate: select person0_.id as id1_1_, person0_.email as email2_1_, person0_.name as name3_1_, person0_.password as password4_1_, person0_.surname as surname5_1_, person0_.username as username6_1_ from person person0_ where person0_.username=?
Hibernate: select person0_.id as id1_1_0_, person0_.email as email2_1_0_, person0_.name as name3_1_0_, person0_.password as password4_1_0_, person0_.surname as surname5_1_0_, person0_.username as username6_1_0_ from person person0_ where person0_.id=?
Hibernate: select measuremen0_.id as id1_0_, measuremen0_.comment as comment2_0_, measuremen0_.glycemia as glycemia3_0_, measuremen0_.id_person as id_perso4_0_, measuremen0_.insulin as insulin5_0_, measuremen0_.time as time6_0_ from measurement measuremen0_ where measuremen0_.id_person=?
2023-03-08 15:16:11.480  INFO 2396 --- [ null to remote] o.o.selenium.remote.ProtocolHandshake    : Detected dialect: W3C
Hibernate: select person0_.id as id1_1_, person0_.email as email2_1_, person0_.name as name3_1_, person0_.password as password4_1_, person0_.surname as surname5_1_, person0_.username as username6_1_ from person person0_ where person0_.username=?
Hibernate: select person0_.id as id1_1_0_, person0_.email as email2_1_0_, person0_.name as name3_1_0_, person0_.password as password4_1_0_, person0_.surname as surname5_1_0_, person0_.username as username6_1_0_ from person person0_ where person0_.id=?
Hibernate: select person0_.id as id1_1_0_, person0_.email as email2_1_0_, person0_.name as name3_1_0_, person0_.password as password4_1_0_, person0_.surname as surname5_1_0_, person0_.username as username6_1_0_ from person person0_ where person0_.id=?
Hibernate: select person0_.id as id1_1_0_, person0_.email as email2_1_0_, person0_.name as name3_1_0_, person0_.password as password4_1_0_, person0_.surname as surname5_1_0_, person0_.username as username6_1_0_ from person person0_ where person0_.id=?
Hibernate: select person0_.id as id1_1_, person0_.email as email2_1_, person0_.name as name3_1_, person0_.password as password4_1_, person0_.surname as surname5_1_, person0_.username as username6_1_ from person person0_ where person0_.username=?
2023-03-08 15:16:15.496  INFO 2396 --- [ null to remote] o.o.selenium.remote.ProtocolHandshake    : Detected dialect: W3C
Hibernate: select person0_.id as id1_1_, person0_.email as email2_1_, person0_.name as name3_1_, person0_.password as password4_1_, person0_.surname as surname5_1_, person0_.username as username6_1_ from person person0_ where person0_.username=?
Hibernate: select person0_.id as id1_1_0_, person0_.email as email2_1_0_, person0_.name as name3_1_0_, person0_.password as password4_1_0_, person0_.surname as surname5_1_0_, person0_.username as username6_1_0_ from person person0_ where person0_.id=?
Hibernate: select person0_.id as id1_1_0_, person0_.email as email2_1_0_, person0_.name as name3_1_0_, person0_.password as password4_1_0_, person0_.surname as surname5_1_0_, person0_.username as username6_1_0_ from person person0_ where person0_.id=?
Hibernate: select person0_.id as id1_1_0_, person0_.email as email2_1_0_, person0_.name as name3_1_0_, person0_.password as password4_1_0_, person0_.surname as surname5_1_0_, person0_.username as username6_1_0_ from person person0_ where person0_.id=?
Hibernate: select person0_.id as id1_1_, person0_.email as email2_1_, person0_.name as name3_1_, person0_.password as password4_1_, person0_.surname as surname5_1_, person0_.username as username6_1_ from person person0_ where person0_.username=?
2023-03-08 15:16:19.577  INFO 2396 --- [ null to remote] o.o.selenium.remote.ProtocolHandshake    : Detected dialect: W3C
Hibernate: select person0_.id as id1_1_, person0_.email as email2_1_, person0_.name as name3_1_, person0_.password as password4_1_, person0_.surname as surname5_1_, person0_.username as username6_1_ from person person0_ where person0_.username=?
Hibernate: select person0_.id as id1_1_0_, person0_.email as email2_1_0_, person0_.name as name3_1_0_, person0_.password as password4_1_0_, person0_.surname as surname5_1_0_, person0_.username as username6_1_0_ from person person0_ where person0_.id=?
Hibernate: select person0_.id as id1_1_0_, person0_.email as email2_1_0_, person0_.name as name3_1_0_, person0_.password as password4_1_0_, person0_.surname as surname5_1_0_, person0_.username as username6_1_0_ from person person0_ where person0_.id=?
Hibernate: select person0_.id as id1_1_0_, person0_.email as email2_1_0_, person0_.name as name3_1_0_, person0_.password as password4_1_0_, person0_.surname as surname5_1_0_, person0_.username as username6_1_0_ from person person0_ where person0_.id=?
Hibernate: select person0_.id as id1_1_, person0_.email as email2_1_, person0_.name as name3_1_, person0_.password as password4_1_, person0_.surname as surname5_1_, person0_.username as username6_1_ from person person0_ where person0_.username=?
2023-03-08 15:16:23.689  INFO 2396 --- [ null to remote] o.o.selenium.remote.ProtocolHandshake    : Detected dialect: W3C
Hibernate: select person0_.id as id1_1_, person0_.email as email2_1_, person0_.name as name3_1_, person0_.password as password4_1_, person0_.surname as surname5_1_, person0_.username as username6_1_ from person person0_ where person0_.username=?
Hibernate: select person0_.id as id1_1_0_, person0_.email as email2_1_0_, person0_.name as name3_1_0_, person0_.password as password4_1_0_, person0_.surname as surname5_1_0_, person0_.username as username6_1_0_ from person person0_ where person0_.id=?
Hibernate: select person0_.id as id1_1_0_, person0_.email as email2_1_0_, person0_.name as name3_1_0_, person0_.password as password4_1_0_, person0_.surname as surname5_1_0_, person0_.username as username6_1_0_ from person person0_ where person0_.id=?
Hibernate: select person0_.id as id1_1_0_, person0_.email as email2_1_0_, person0_.name as name3_1_0_, person0_.password as password4_1_0_, person0_.surname as surname5_1_0_, person0_.username as username6_1_0_ from person person0_ where person0_.id=?
2023-03-08 15:16:30.217  INFO 2396 --- [ null to remote] o.o.selenium.remote.ProtocolHandshake    : Detected dialect: W3C
Hibernate: select person0_.id as id1_1_, person0_.email as email2_1_, person0_.name as name3_1_, person0_.password as password4_1_, person0_.surname as surname5_1_, person0_.username as username6_1_ from person person0_ where person0_.username=?
Hibernate: select person0_.id as id1_1_0_, person0_.email as email2_1_0_, person0_.name as name3_1_0_, person0_.password as password4_1_0_, person0_.surname as surname5_1_0_, person0_.username as username6_1_0_ from person person0_ where person0_.id=?
Hibernate: select person0_.id as id1_1_0_, person0_.email as email2_1_0_, person0_.name as name3_1_0_, person0_.password as password4_1_0_, person0_.surname as surname5_1_0_, person0_.username as username6_1_0_ from person person0_ where person0_.id=?
Hibernate: select person0_.id as id1_1_0_, person0_.email as email2_1_0_, person0_.name as name3_1_0_, person0_.password as password4_1_0_, person0_.surname as surname5_1_0_, person0_.username as username6_1_0_ from person person0_ where person0_.id=?
Hibernate: select person0_.id as id1_1_, person0_.email as email2_1_, person0_.name as name3_1_, person0_.password as password4_1_, person0_.surname as surname5_1_, person0_.username as username6_1_ from person person0_ where person0_.username=?
2023-03-08 15:16:34.220  INFO 2396 --- [ null to remote] o.o.selenium.remote.ProtocolHandshake    : Detected dialect: W3C
Hibernate: select person0_.id as id1_1_, person0_.email as email2_1_, person0_.name as name3_1_, person0_.password as password4_1_, person0_.surname as surname5_1_, person0_.username as username6_1_ from person person0_ where person0_.username=?
Hibernate: select person0_.id as id1_1_0_, person0_.email as email2_1_0_, person0_.name as name3_1_0_, person0_.password as password4_1_0_, person0_.surname as surname5_1_0_, person0_.username as username6_1_0_ from person person0_ where person0_.id=?
Hibernate: select person0_.id as id1_1_0_, person0_.email as email2_1_0_, person0_.name as name3_1_0_, person0_.password as password4_1_0_, person0_.surname as surname5_1_0_, person0_.username as username6_1_0_ from person person0_ where person0_.id=?
Hibernate: select person0_.id as id1_1_0_, person0_.email as email2_1_0_, person0_.name as name3_1_0_, person0_.password as password4_1_0_, person0_.surname as surname5_1_0_, person0_.username as username6_1_0_ from person person0_ where person0_.id=?
Hibernate: select person0_.id as id1_1_, person0_.email as email2_1_, person0_.name as name3_1_, person0_.password as password4_1_, person0_.surname as surname5_1_, person0_.username as username6_1_ from person person0_ where person0_.username=?
2023-03-08 15:16:38.341  INFO 2396 --- [ null to remote] o.o.selenium.remote.ProtocolHandshake    : Detected dialect: W3C
Hibernate: select person0_.id as id1_1_, person0_.email as email2_1_, person0_.name as name3_1_, person0_.password as password4_1_, person0_.surname as surname5_1_, person0_.username as username6_1_ from person person0_ where person0_.username=?
Hibernate: select person0_.id as id1_1_0_, person0_.email as email2_1_0_, person0_.name as name3_1_0_, person0_.password as password4_1_0_, person0_.surname as surname5_1_0_, person0_.username as username6_1_0_ from person person0_ where person0_.id=?
Hibernate: select person0_.id as id1_1_0_, person0_.email as email2_1_0_, person0_.name as name3_1_0_, person0_.password as password4_1_0_, person0_.surname as surname5_1_0_, person0_.username as username6_1_0_ from person person0_ where person0_.id=?
Hibernate: select person0_.id as id1_1_0_, person0_.email as email2_1_0_, person0_.name as name3_1_0_, person0_.password as password4_1_0_, person0_.surname as surname5_1_0_, person0_.username as username6_1_0_ from person person0_ where person0_.id=?
Hibernate: select person0_.id as id1_1_, person0_.email as email2_1_, person0_.name as name3_1_, person0_.password as password4_1_, person0_.surname as surname5_1_, person0_.username as username6_1_ from person person0_ where person0_.username=?
Hibernate: delete from person where id=?
Hibernate: call next value for hibernate_sequence
Hibernate: insert into person (email, name, password, surname, username, id) values (?, ?, ?, ?, ?, ?)
Hibernate: select measuremen0_.id as id1_0_, measuremen0_.comment as comment2_0_, measuremen0_.glycemia as glycemia3_0_, measuremen0_.id_person as id_perso4_0_, measuremen0_.insulin as insulin5_0_, measuremen0_.time as time6_0_ from measurement measuremen0_ where measuremen0_.id_person=?
2023-03-08 15:16:42.372  INFO 2396 --- [ null to remote] o.o.selenium.remote.ProtocolHandshake    : Detected dialect: W3C
Hibernate: select person0_.id as id1_1_, person0_.email as email2_1_, person0_.name as name3_1_, person0_.password as password4_1_, person0_.surname as surname5_1_, person0_.username as username6_1_ from person person0_ where person0_.username=?
Hibernate: select person0_.id as id1_1_0_, person0_.email as email2_1_0_, person0_.name as name3_1_0_, person0_.password as password4_1_0_, person0_.surname as surname5_1_0_, person0_.username as username6_1_0_ from person person0_ where person0_.id=?
Hibernate: select person0_.id as id1_1_0_, person0_.email as email2_1_0_, person0_.name as name3_1_0_, person0_.password as password4_1_0_, person0_.surname as surname5_1_0_, person0_.username as username6_1_0_ from person person0_ where person0_.id=?
Hibernate: select person0_.id as id1_1_0_, person0_.email as email2_1_0_, person0_.name as name3_1_0_, person0_.password as password4_1_0_, person0_.surname as surname5_1_0_, person0_.username as username6_1_0_ from person person0_ where person0_.id=?
Hibernate: select person0_.id as id1_1_, person0_.email as email2_1_, person0_.name as name3_1_, person0_.password as password4_1_, person0_.surname as surname5_1_, person0_.username as username6_1_ from person person0_ where person0_.username=?
Hibernate: delete from person where id=?
Hibernate: call next value for hibernate_sequence
Hibernate: insert into person (email, name, password, surname, username, id) values (?, ?, ?, ?, ?, ?)
Hibernate: select measuremen0_.id as id1_0_, measuremen0_.comment as comment2_0_, measuremen0_.glycemia as glycemia3_0_, measuremen0_.id_person as id_perso4_0_, measuremen0_.insulin as insulin5_0_, measuremen0_.time as time6_0_ from measurement measuremen0_ where measuremen0_.id_person=?
2023-03-08 15:16:46.459  INFO 2396 --- [ null to remote] o.o.selenium.remote.ProtocolHandshake    : Detected dialect: W3C
Hibernate: select person0_.id as id1_1_, person0_.email as email2_1_, person0_.name as name3_1_, person0_.password as password4_1_, person0_.surname as surname5_1_, person0_.username as username6_1_ from person person0_ where person0_.username=?
Hibernate: select person0_.id as id1_1_0_, person0_.email as email2_1_0_, person0_.name as name3_1_0_, person0_.password as password4_1_0_, person0_.surname as surname5_1_0_, person0_.username as username6_1_0_ from person person0_ where person0_.id=?
Hibernate: select person0_.id as id1_1_0_, person0_.email as email2_1_0_, person0_.name as name3_1_0_, person0_.password as password4_1_0_, person0_.surname as surname5_1_0_, person0_.username as username6_1_0_ from person person0_ where person0_.id=?
Hibernate: select person0_.id as id1_1_0_, person0_.email as email2_1_0_, person0_.name as name3_1_0_, person0_.password as password4_1_0_, person0_.surname as surname5_1_0_, person0_.username as username6_1_0_ from person person0_ where person0_.id=?
2023-03-08 15:16:50.356  INFO 2396 --- [ null to remote] o.o.selenium.remote.ProtocolHandshake    : Detected dialect: W3C
Hibernate: select person0_.id as id1_1_, person0_.email as email2_1_, person0_.name as name3_1_, person0_.password as password4_1_, person0_.surname as surname5_1_, person0_.username as username6_1_ from person person0_ where person0_.username=?
Hibernate: select person0_.id as id1_1_0_, person0_.email as email2_1_0_, person0_.name as name3_1_0_, person0_.password as password4_1_0_, person0_.surname as surname5_1_0_, person0_.username as username6_1_0_ from person person0_ where person0_.id=?
Hibernate: select measuremen0_.id as id1_0_, measuremen0_.comment as comment2_0_, measuremen0_.glycemia as glycemia3_0_, measuremen0_.id_person as id_perso4_0_, measuremen0_.insulin as insulin5_0_, measuremen0_.time as time6_0_ from measurement measuremen0_ where measuremen0_.id_person=?
Hibernate: select person0_.id as id1_1_0_, person0_.email as email2_1_0_, person0_.name as name3_1_0_, person0_.password as password4_1_0_, person0_.surname as surname5_1_0_, person0_.username as username6_1_0_ from person person0_ where person0_.id=?
Hibernate: select measuremen0_.id as id1_0_, measuremen0_.comment as comment2_0_, measuremen0_.glycemia as glycemia3_0_, measuremen0_.id_person as id_perso4_0_, measuremen0_.insulin as insulin5_0_, measuremen0_.time as time6_0_ from measurement measuremen0_ where measuremen0_.id_person=?
2023-03-08 15:16:54.650  INFO 2396 --- [ null to remote] o.o.selenium.remote.ProtocolHandshake    : Detected dialect: W3C
Hibernate: select person0_.id as id1_1_, person0_.email as email2_1_, person0_.name as name3_1_, person0_.password as password4_1_, person0_.surname as surname5_1_, person0_.username as username6_1_ from person person0_ where person0_.username=?
Hibernate: select person0_.id as id1_1_0_, person0_.email as email2_1_0_, person0_.name as name3_1_0_, person0_.password as password4_1_0_, person0_.surname as surname5_1_0_, person0_.username as username6_1_0_ from person person0_ where person0_.id=?
Hibernate: select measuremen0_.id as id1_0_, measuremen0_.comment as comment2_0_, measuremen0_.glycemia as glycemia3_0_, measuremen0_.id_person as id_perso4_0_, measuremen0_.insulin as insulin5_0_, measuremen0_.time as time6_0_ from measurement measuremen0_ where measuremen0_.id_person=?
Hibernate: select person0_.id as id1_1_0_, person0_.email as email2_1_0_, person0_.name as name3_1_0_, person0_.password as password4_1_0_, person0_.surname as surname5_1_0_, person0_.username as username6_1_0_ from person person0_ where person0_.id=?
Hibernate: select measuremen0_.id as id1_0_, measuremen0_.comment as comment2_0_, measuremen0_.glycemia as glycemia3_0_, measuremen0_.id_person as id_perso4_0_, measuremen0_.insulin as insulin5_0_, measuremen0_.time as time6_0_ from measurement measuremen0_ where measuremen0_.id_person=?
2023-03-08 15:16:58.866  INFO 2396 --- [ null to remote] o.o.selenium.remote.ProtocolHandshake    : Detected dialect: W3C
Hibernate: select person0_.id as id1_1_, person0_.email as email2_1_, person0_.name as name3_1_, person0_.password as password4_1_, person0_.surname as surname5_1_, person0_.username as username6_1_ from person person0_ where person0_.username=?
Hibernate: select person0_.id as id1_1_0_, person0_.email as email2_1_0_, person0_.name as name3_1_0_, person0_.password as password4_1_0_, person0_.surname as surname5_1_0_, person0_.username as username6_1_0_ from person person0_ where person0_.id=?
Hibernate: select measuremen0_.id as id1_0_, measuremen0_.comment as comment2_0_, measuremen0_.glycemia as glycemia3_0_, measuremen0_.id_person as id_perso4_0_, measuremen0_.insulin as insulin5_0_, measuremen0_.time as time6_0_ from measurement measuremen0_ where measuremen0_.id_person=?
Hibernate: select person0_.id as id1_1_0_, person0_.email as email2_1_0_, person0_.name as name3_1_0_, person0_.password as password4_1_0_, person0_.surname as surname5_1_0_, person0_.username as username6_1_0_ from person person0_ where person0_.id=?
Hibernate: select measuremen0_.id as id1_0_, measuremen0_.comment as comment2_0_, measuremen0_.glycemia as glycemia3_0_, measuremen0_.id_person as id_perso4_0_, measuremen0_.insulin as insulin5_0_, measuremen0_.time as time6_0_ from measurement measuremen0_ where measuremen0_.id_person=?
2023-03-08 15:17:03.156  INFO 2396 --- [ null to remote] o.o.selenium.remote.ProtocolHandshake    : Detected dialect: W3C
Hibernate: select person0_.id as id1_1_, person0_.email as email2_1_, person0_.name as name3_1_, person0_.password as password4_1_, person0_.surname as surname5_1_, person0_.username as username6_1_ from person person0_ where person0_.username=?
Hibernate: select person0_.id as id1_1_0_, person0_.email as email2_1_0_, person0_.name as name3_1_0_, person0_.password as password4_1_0_, person0_.surname as surname5_1_0_, person0_.username as username6_1_0_ from person person0_ where person0_.id=?
Hibernate: select measuremen0_.id as id1_0_, measuremen0_.comment as comment2_0_, measuremen0_.glycemia as glycemia3_0_, measuremen0_.id_person as id_perso4_0_, measuremen0_.insulin as insulin5_0_, measuremen0_.time as time6_0_ from measurement measuremen0_ where measuremen0_.id_person=?
Hibernate: select person0_.id as id1_1_0_, person0_.email as email2_1_0_, person0_.name as name3_1_0_, person0_.password as password4_1_0_, person0_.surname as surname5_1_0_, person0_.username as username6_1_0_ from person person0_ where person0_.id=?
Hibernate: select measuremen0_.id as id1_0_, measuremen0_.comment as comment2_0_, measuremen0_.glycemia as glycemia3_0_, measuremen0_.id_person as id_perso4_0_, measuremen0_.insulin as insulin5_0_, measuremen0_.time as time6_0_ from measurement measuremen0_ where measuremen0_.id_person=?
2023-03-08 15:17:07.341  INFO 2396 --- [ null to remote] o.o.selenium.remote.ProtocolHandshake    : Detected dialect: W3C
Hibernate: select person0_.id as id1_1_, person0_.email as email2_1_, person0_.name as name3_1_, person0_.password as password4_1_, person0_.surname as surname5_1_, person0_.username as username6_1_ from person person0_ where person0_.username=?
Hibernate: select person0_.id as id1_1_0_, person0_.email as email2_1_0_, person0_.name as name3_1_0_, person0_.password as password4_1_0_, person0_.surname as surname5_1_0_, person0_.username as username6_1_0_ from person person0_ where person0_.id=?
Hibernate: select measuremen0_.id as id1_0_, measuremen0_.comment as comment2_0_, measuremen0_.glycemia as glycemia3_0_, measuremen0_.id_person as id_perso4_0_, measuremen0_.insulin as insulin5_0_, measuremen0_.time as time6_0_ from measurement measuremen0_ where measuremen0_.id_person=?
Hibernate: select person0_.id as id1_1_0_, person0_.email as email2_1_0_, person0_.name as name3_1_0_, person0_.password as password4_1_0_, person0_.surname as surname5_1_0_, person0_.username as username6_1_0_ from person person0_ where person0_.id=?
Hibernate: select measuremen0_.id as id1_0_, measuremen0_.comment as comment2_0_, measuremen0_.glycemia as glycemia3_0_, measuremen0_.id_person as id_perso4_0_, measuremen0_.insulin as insulin5_0_, measuremen0_.time as time6_0_ from measurement measuremen0_ where measuremen0_.id_person=?
2023-03-08 15:17:11.562  INFO 2396 --- [ null to remote] o.o.selenium.remote.ProtocolHandshake    : Detected dialect: W3C
Hibernate: select person0_.id as id1_1_, person0_.email as email2_1_, person0_.name as name3_1_, person0_.password as password4_1_, person0_.surname as surname5_1_, person0_.username as username6_1_ from person person0_ where person0_.username=?
Hibernate: select person0_.id as id1_1_0_, person0_.email as email2_1_0_, person0_.name as name3_1_0_, person0_.password as password4_1_0_, person0_.surname as surname5_1_0_, person0_.username as username6_1_0_ from person person0_ where person0_.id=?
Hibernate: select measuremen0_.id as id1_0_, measuremen0_.comment as comment2_0_, measuremen0_.glycemia as glycemia3_0_, measuremen0_.id_person as id_perso4_0_, measuremen0_.insulin as insulin5_0_, measuremen0_.time as time6_0_ from measurement measuremen0_ where measuremen0_.id_person=?
Hibernate: select person0_.id as id1_1_0_, person0_.email as email2_1_0_, person0_.name as name3_1_0_, person0_.password as password4_1_0_, person0_.surname as surname5_1_0_, person0_.username as username6_1_0_ from person person0_ where person0_.id=?
Hibernate: select measuremen0_.id as id1_0_, measuremen0_.comment as comment2_0_, measuremen0_.glycemia as glycemia3_0_, measuremen0_.id_person as id_perso4_0_, measuremen0_.insulin as insulin5_0_, measuremen0_.time as time6_0_ from measurement measuremen0_ where measuremen0_.id_person=?
2023-03-08 15:17:15.918  INFO 2396 --- [ null to remote] o.o.selenium.remote.ProtocolHandshake    : Detected dialect: W3C
Hibernate: select person0_.id as id1_1_, person0_.email as email2_1_, person0_.name as name3_1_, person0_.password as password4_1_, person0_.surname as surname5_1_, person0_.username as username6_1_ from person person0_ where person0_.username=?
Hibernate: select person0_.id as id1_1_0_, person0_.email as email2_1_0_, person0_.name as name3_1_0_, person0_.password as password4_1_0_, person0_.surname as surname5_1_0_, person0_.username as username6_1_0_ from person person0_ where person0_.id=?
Hibernate: select measuremen0_.id as id1_0_, measuremen0_.comment as comment2_0_, measuremen0_.glycemia as glycemia3_0_, measuremen0_.id_person as id_perso4_0_, measuremen0_.insulin as insulin5_0_, measuremen0_.time as time6_0_ from measurement measuremen0_ where measuremen0_.id_person=?
Hibernate: select person0_.id as id1_1_0_, person0_.email as email2_1_0_, person0_.name as name3_1_0_, person0_.password as password4_1_0_, person0_.surname as surname5_1_0_, person0_.username as username6_1_0_ from person person0_ where person0_.id=?
Hibernate: select measuremen0_.id as id1_0_, measuremen0_.comment as comment2_0_, measuremen0_.glycemia as glycemia3_0_, measuremen0_.id_person as id_perso4_0_, measuremen0_.insulin as insulin5_0_, measuremen0_.time as time6_0_ from measurement measuremen0_ where measuremen0_.id_person=?
2023-03-08 15:17:20.143  INFO 2396 --- [ null to remote] o.o.selenium.remote.ProtocolHandshake    : Detected dialect: W3C
Hibernate: select person0_.id as id1_1_, person0_.email as email2_1_, person0_.name as name3_1_, person0_.password as password4_1_, person0_.surname as surname5_1_, person0_.username as username6_1_ from person person0_ where person0_.username=?
Hibernate: select person0_.id as id1_1_0_, person0_.email as email2_1_0_, person0_.name as name3_1_0_, person0_.password as password4_1_0_, person0_.surname as surname5_1_0_, person0_.username as username6_1_0_ from person person0_ where person0_.id=?
Hibernate: select measuremen0_.id as id1_0_, measuremen0_.comment as comment2_0_, measuremen0_.glycemia as glycemia3_0_, measuremen0_.id_person as id_perso4_0_, measuremen0_.insulin as insulin5_0_, measuremen0_.time as time6_0_ from measurement measuremen0_ where measuremen0_.id_person=?
Hibernate: select person0_.id as id1_1_0_, person0_.email as email2_1_0_, person0_.name as name3_1_0_, person0_.password as password4_1_0_, person0_.surname as surname5_1_0_, person0_.username as username6_1_0_ from person person0_ where person0_.id=?
Hibernate: call next value for hibernate_sequence
Hibernate: insert into measurement (comment, glycemia, id_person, insulin, time, id) values (?, ?, ?, ?, ?, ?)
Hibernate: select measuremen0_.id as id1_0_, measuremen0_.comment as comment2_0_, measuremen0_.glycemia as glycemia3_0_, measuremen0_.id_person as id_perso4_0_, measuremen0_.insulin as insulin5_0_, measuremen0_.time as time6_0_ from measurement measuremen0_ where measuremen0_.id_person=?
2023-03-08 15:17:24.378  INFO 2396 --- [ null to remote] o.o.selenium.remote.ProtocolHandshake    : Detected dialect: W3C
Hibernate: select person0_.id as id1_1_, person0_.email as email2_1_, person0_.name as name3_1_, person0_.password as password4_1_, person0_.surname as surname5_1_, person0_.username as username6_1_ from person person0_ where person0_.username=?
Hibernate: select person0_.id as id1_1_0_, person0_.email as email2_1_0_, person0_.name as name3_1_0_, person0_.password as password4_1_0_, person0_.surname as surname5_1_0_, person0_.username as username6_1_0_ from person person0_ where person0_.id=?
Hibernate: select measuremen0_.id as id1_0_, measuremen0_.comment as comment2_0_, measuremen0_.glycemia as glycemia3_0_, measuremen0_.id_person as id_perso4_0_, measuremen0_.insulin as insulin5_0_, measuremen0_.time as time6_0_ from measurement measuremen0_ where measuremen0_.id_person=?
Hibernate: select person0_.id as id1_1_0_, person0_.email as email2_1_0_, person0_.name as name3_1_0_, person0_.password as password4_1_0_, person0_.surname as surname5_1_0_, person0_.username as username6_1_0_ from person person0_ where person0_.id=?
2023-03-08 15:17:28.131  INFO 2396 --- [ null to remote] o.o.selenium.remote.ProtocolHandshake    : Detected dialect: W3C
Hibernate: select person0_.id as id1_1_, person0_.email as email2_1_, person0_.name as name3_1_, person0_.password as password4_1_, person0_.surname as surname5_1_, person0_.username as username6_1_ from person person0_ where person0_.username=?
Hibernate: select person0_.id as id1_1_0_, person0_.email as email2_1_0_, person0_.name as name3_1_0_, person0_.password as password4_1_0_, person0_.surname as surname5_1_0_, person0_.username as username6_1_0_ from person person0_ where person0_.id=?
Hibernate: select measuremen0_.id as id1_0_, measuremen0_.comment as comment2_0_, measuremen0_.glycemia as glycemia3_0_, measuremen0_.id_person as id_perso4_0_, measuremen0_.insulin as insulin5_0_, measuremen0_.time as time6_0_ from measurement measuremen0_ where measuremen0_.id_person=?
Hibernate: select person0_.id as id1_1_0_, person0_.email as email2_1_0_, person0_.name as name3_1_0_, person0_.password as password4_1_0_, person0_.surname as surname5_1_0_, person0_.username as username6_1_0_ from person person0_ where person0_.id=?
Hibernate: select measuremen0_.id as id1_0_0_, measuremen0_.comment as comment2_0_0_, measuremen0_.glycemia as glycemia3_0_0_, measuremen0_.id_person as id_perso4_0_0_, measuremen0_.insulin as insulin5_0_0_, measuremen0_.time as time6_0_0_ from measurement measuremen0_ where measuremen0_.id=?
Hibernate: delete from measurement where id=?
Hibernate: select measuremen0_.id as id1_0_, measuremen0_.comment as comment2_0_, measuremen0_.glycemia as glycemia3_0_, measuremen0_.id_person as id_perso4_0_, measuremen0_.insulin as insulin5_0_, measuremen0_.time as time6_0_ from measurement measuremen0_ where measuremen0_.id_person=?
2023-03-08 15:17:32.067  INFO 2396 --- [ null to remote] o.o.selenium.remote.ProtocolHandshake    : Detected dialect: W3C
Hibernate: select person0_.id as id1_1_, person0_.email as email2_1_, person0_.name as name3_1_, person0_.password as password4_1_, person0_.surname as surname5_1_, person0_.username as username6_1_ from person person0_ where person0_.username=?
Hibernate: select person0_.id as id1_1_0_, person0_.email as email2_1_0_, person0_.name as name3_1_0_, person0_.password as password4_1_0_, person0_.surname as surname5_1_0_, person0_.username as username6_1_0_ from person person0_ where person0_.id=?
Hibernate: select measuremen0_.id as id1_0_, measuremen0_.comment as comment2_0_, measuremen0_.glycemia as glycemia3_0_, measuremen0_.id_person as id_perso4_0_, measuremen0_.insulin as insulin5_0_, measuremen0_.time as time6_0_ from measurement measuremen0_ where measuremen0_.id_person=?
Hibernate: select person0_.id as id1_1_0_, person0_.email as email2_1_0_, person0_.name as name3_1_0_, person0_.password as password4_1_0_, person0_.surname as surname5_1_0_, person0_.username as username6_1_0_ from person person0_ where person0_.id=?
Hibernate: call next value for hibernate_sequence
Hibernate: insert into measurement (comment, glycemia, id_person, insulin, time, id) values (?, ?, ?, ?, ?, ?)
Hibernate: select measuremen0_.id as id1_0_, measuremen0_.comment as comment2_0_, measuremen0_.glycemia as glycemia3_0_, measuremen0_.id_person as id_perso4_0_, measuremen0_.insulin as insulin5_0_, measuremen0_.time as time6_0_ from measurement measuremen0_ where measuremen0_.id_person=?
Hibernate: select person0_.id as id1_1_, person0_.email as email2_1_, person0_.name as name3_1_, person0_.password as password4_1_, person0_.surname as surname5_1_, person0_.username as username6_1_ from person person0_ where person0_.username=?
Hibernate: select person0_.id as id1_1_0_, person0_.email as email2_1_0_, person0_.name as name3_1_0_, person0_.password as password4_1_0_, person0_.surname as surname5_1_0_, person0_.username as username6_1_0_ from person person0_ where person0_.id=?
Hibernate: select measuremen0_.id as id1_0_, measuremen0_.comment as comment2_0_, measuremen0_.glycemia as glycemia3_0_, measuremen0_.id_person as id_perso4_0_, measuremen0_.insulin as insulin5_0_, measuremen0_.time as time6_0_ from measurement measuremen0_ where measuremen0_.id_person=?
Hibernate: select person0_.id as id1_1_0_, person0_.email as email2_1_0_, person0_.name as name3_1_0_, person0_.password as password4_1_0_, person0_.surname as surname5_1_0_, person0_.username as username6_1_0_ from person person0_ where person0_.id=?
Hibernate: select measuremen0_.id as id1_0_, measuremen0_.comment as comment2_0_, measuremen0_.glycemia as glycemia3_0_, measuremen0_.id_person as id_perso4_0_, measuremen0_.insulin as insulin5_0_, measuremen0_.time as time6_0_ from measurement measuremen0_ where measuremen0_.id_person=?
Hibernate: delete from measurement where id=?
2023-03-08 15:17:37.166  INFO 2396 --- [ null to remote] o.o.selenium.remote.ProtocolHandshake    : Detected dialect: W3C
Hibernate: select person0_.id as id1_1_, person0_.email as email2_1_, person0_.name as name3_1_, person0_.password as password4_1_, person0_.surname as surname5_1_, person0_.username as username6_1_ from person person0_ where person0_.username=?
Hibernate: select person0_.id as id1_1_0_, person0_.email as email2_1_0_, person0_.name as name3_1_0_, person0_.password as password4_1_0_, person0_.surname as surname5_1_0_, person0_.username as username6_1_0_ from person person0_ where person0_.id=?
Hibernate: select measuremen0_.id as id1_0_, measuremen0_.comment as comment2_0_, measuremen0_.glycemia as glycemia3_0_, measuremen0_.id_person as id_perso4_0_, measuremen0_.insulin as insulin5_0_, measuremen0_.time as time6_0_ from measurement measuremen0_ where measuremen0_.id_person=?
Hibernate: select person0_.id as id1_1_0_, person0_.email as email2_1_0_, person0_.name as name3_1_0_, person0_.password as password4_1_0_, person0_.surname as surname5_1_0_, person0_.username as username6_1_0_ from person person0_ where person0_.id=?
Hibernate: call next value for hibernate_sequence
Hibernate: insert into measurement (comment, glycemia, id_person, insulin, time, id) values (?, ?, ?, ?, ?, ?)
Hibernate: select measuremen0_.id as id1_0_, measuremen0_.comment as comment2_0_, measuremen0_.glycemia as glycemia3_0_, measuremen0_.id_person as id_perso4_0_, measuremen0_.insulin as insulin5_0_, measuremen0_.time as time6_0_ from measurement measuremen0_ where measuremen0_.id_person=?
Hibernate: select person0_.id as id1_1_, person0_.email as email2_1_, person0_.name as name3_1_, person0_.password as password4_1_, person0_.surname as surname5_1_, person0_.username as username6_1_ from person person0_ where person0_.username=?
Hibernate: select person0_.id as id1_1_0_, person0_.email as email2_1_0_, person0_.name as name3_1_0_, person0_.password as password4_1_0_, person0_.surname as surname5_1_0_, person0_.username as username6_1_0_ from person person0_ where person0_.id=?
Hibernate: select measuremen0_.id as id1_0_, measuremen0_.comment as comment2_0_, measuremen0_.glycemia as glycemia3_0_, measuremen0_.id_person as id_perso4_0_, measuremen0_.insulin as insulin5_0_, measuremen0_.time as time6_0_ from measurement measuremen0_ where measuremen0_.id_person=?
Hibernate: select person0_.id as id1_1_0_, person0_.email as email2_1_0_, person0_.name as name3_1_0_, person0_.password as password4_1_0_, person0_.surname as surname5_1_0_, person0_.username as username6_1_0_ from person person0_ where person0_.id=?
2023-03-08 15:17:42.144  INFO 2396 --- [ null to remote] o.o.selenium.remote.ProtocolHandshake    : Detected dialect: W3C
Hibernate: select person0_.id as id1_1_, person0_.email as email2_1_, person0_.name as name3_1_, person0_.password as password4_1_, person0_.surname as surname5_1_, person0_.username as username6_1_ from person person0_ where person0_.username=?
2023-03-08 15:17:45.810  INFO 2396 --- [ null to remote] o.o.selenium.remote.ProtocolHandshake    : Detected dialect: W3C
Hibernate: select person0_.id as id1_1_, person0_.email as email2_1_, person0_.name as name3_1_, person0_.password as password4_1_, person0_.surname as surname5_1_, person0_.username as username6_1_ from person person0_ where person0_.username=?
Hibernate: select person0_.id as id1_1_0_, person0_.email as email2_1_0_, person0_.name as name3_1_0_, person0_.password as password4_1_0_, person0_.surname as surname5_1_0_, person0_.username as username6_1_0_ from person person0_ where person0_.id=?
Hibernate: select person0_.id as id1_1_0_, person0_.email as email2_1_0_, person0_.name as name3_1_0_, person0_.password as password4_1_0_, person0_.surname as surname5_1_0_, person0_.username as username6_1_0_ from person person0_ where person0_.id=?
Hibernate: delete from person where id=?
Hibernate: select person0_.id as id1_1_, person0_.email as email2_1_, person0_.name as name3_1_, person0_.password as password4_1_, person0_.surname as surname5_1_, person0_.username as username6_1_ from person person0_ where person0_.username=?
2023-03-08 15:17:49.896  INFO 2396 --- [ null to remote] o.o.selenium.remote.ProtocolHandshake    : Detected dialect: W3C
Hibernate: select person0_.id as id1_1_, person0_.email as email2_1_, person0_.name as name3_1_, person0_.password as password4_1_, person0_.surname as surname5_1_, person0_.username as username6_1_ from person person0_ where person0_.username=?
Hibernate: select person0_.id as id1_1_0_, person0_.email as email2_1_0_, person0_.name as name3_1_0_, person0_.password as password4_1_0_, person0_.surname as surname5_1_0_, person0_.username as username6_1_0_ from person person0_ where person0_.id=?
Hibernate: select person0_.id as id1_1_0_, person0_.email as email2_1_0_, person0_.name as name3_1_0_, person0_.password as password4_1_0_, person0_.surname as surname5_1_0_, person0_.username as username6_1_0_ from person person0_ where person0_.id=?
Hibernate: delete from person where id=?
Hibernate: select person0_.id as id1_1_, person0_.email as email2_1_, person0_.name as name3_1_, person0_.password as password4_1_, person0_.surname as surname5_1_, person0_.username as username6_1_ from person person0_ where person0_.username=?
]]></system-out>
  <system-err><![CDATA[Starting ChromeDriver 110.0.5481.77 (65ed616c6e8ee3fe0ad64fe83796c020644d42af-refs/branch-heads/5481@{#839}) on port 35376
Only local connections are allowed.
Please see https://chromedriver.chromium.org/security-considerations for suggestions on keeping ChromeDriver safe.
ChromeDriver was started successfully.
[1678284908.538][WARNING]: virtual void DevToolsClientImpl::AddListener(DevToolsEventListener *) subscribing a listener to the already connected DevToolsClient. Connection notification will not arrive.
Starting ChromeDriver 110.0.5481.77 (65ed616c6e8ee3fe0ad64fe83796c020644d42af-refs/branch-heads/5481@{#839}) on port 47651
Only local connections are allowed.
Please see https://chromedriver.chromium.org/security-considerations for suggestions on keeping ChromeDriver safe.
ChromeDriver was started successfully.
[1678284916.009][WARNING]: virtual void DevToolsClientImpl::AddListener(DevToolsEventListener *) subscribing a listener to the already connected DevToolsClient. Connection notification will not arrive.
Starting ChromeDriver 110.0.5481.77 (65ed616c6e8ee3fe0ad64fe83796c020644d42af-refs/branch-heads/5481@{#839}) on port 43227
Only local connections are allowed.
Please see https://chromedriver.chromium.org/security-considerations for suggestions on keeping ChromeDriver safe.
ChromeDriver was started successfully.
[1678284920.298][WARNING]: virtual void DevToolsClientImpl::AddListener(DevToolsEventListener *) subscribing a listener to the already connected DevToolsClient. Connection notification will not arrive.
Starting ChromeDriver 110.0.5481.77 (65ed616c6e8ee3fe0ad64fe83796c020644d42af-refs/branch-heads/5481@{#839}) on port 18567
Only local connections are allowed.
Please see https://chromedriver.chromium.org/security-considerations for suggestions on keeping ChromeDriver safe.
ChromeDriver was started successfully.
[1678284924.630][WARNING]: virtual void DevToolsClientImpl::AddListener(DevToolsEventListener *) subscribing a listener to the already connected DevToolsClient. Connection notification will not arrive.
Starting ChromeDriver 110.0.5481.77 (65ed616c6e8ee3fe0ad64fe83796c020644d42af-refs/branch-heads/5481@{#839}) on port 5829
Only local connections are allowed.
Please see https://chromedriver.chromium.org/security-considerations for suggestions on keeping ChromeDriver safe.
ChromeDriver was started successfully.
[1678284928.967][WARNING]: virtual void DevToolsClientImpl::AddListener(DevToolsEventListener *) subscribing a listener to the already connected DevToolsClient. Connection notification will not arrive.
Starting ChromeDriver 110.0.5481.77 (65ed616c6e8ee3fe0ad64fe83796c020644d42af-refs/branch-heads/5481@{#839}) on port 39399
Only local connections are allowed.
Please see https://chromedriver.chromium.org/security-considerations for suggestions on keeping ChromeDriver safe.
ChromeDriver was started successfully.
[1678284933.264][WARNING]: virtual void DevToolsClientImpl::AddListener(DevToolsEventListener *) subscribing a listener to the already connected DevToolsClient. Connection notification will not arrive.
Starting ChromeDriver 110.0.5481.77 (65ed616c6e8ee3fe0ad64fe83796c020644d42af-refs/branch-heads/5481@{#839}) on port 33414
Only local connections are allowed.
Please see https://chromedriver.chromium.org/security-considerations for suggestions on keeping ChromeDriver safe.
ChromeDriver was started successfully.
[1678284937.673][WARNING]: virtual void DevToolsClientImpl::AddListener(DevToolsEventListener *) subscribing a listener to the already connected DevToolsClient. Connection notification will not arrive.
Starting ChromeDriver 110.0.5481.77 (65ed616c6e8ee3fe0ad64fe83796c020644d42af-refs/branch-heads/5481@{#839}) on port 32601
Only local connections are allowed.
Please see https://chromedriver.chromium.org/security-considerations for suggestions on keeping ChromeDriver safe.
ChromeDriver was started successfully.
[1678284941.899][WARNING]: virtual void DevToolsClientImpl::AddListener(DevToolsEventListener *) subscribing a listener to the already connected DevToolsClient. Connection notification will not arrive.
Starting ChromeDriver 110.0.5481.77 (65ed616c6e8ee3fe0ad64fe83796c020644d42af-refs/branch-heads/5481@{#839}) on port 7771
Only local connections are allowed.
Please see https://chromedriver.chromium.org/security-considerations for suggestions on keeping ChromeDriver safe.
ChromeDriver was started successfully.
[1678284945.959][WARNING]: virtual void DevToolsClientImpl::AddListener(DevToolsEventListener *) subscribing a listener to the already connected DevToolsClient. Connection notification will not arrive.
Starting ChromeDriver 110.0.5481.77 (65ed616c6e8ee3fe0ad64fe83796c020644d42af-refs/branch-heads/5481@{#839}) on port 21567
Only local connections are allowed.
Please see https://chromedriver.chromium.org/security-considerations for suggestions on keeping ChromeDriver safe.
ChromeDriver was started successfully.
[1678284949.381][WARNING]: virtual void DevToolsClientImpl::AddListener(DevToolsEventListener *) subscribing a listener to the already connected DevToolsClient. Connection notification will not arrive.
Starting ChromeDriver 110.0.5481.77 (65ed616c6e8ee3fe0ad64fe83796c020644d42af-refs/branch-heads/5481@{#839}) on port 31046
Only local connections are allowed.
Please see https://chromedriver.chromium.org/security-considerations for suggestions on keeping ChromeDriver safe.
ChromeDriver was started successfully.
[1678284952.861][WARNING]: virtual void DevToolsClientImpl::AddListener(DevToolsEventListener *) subscribing a listener to the already connected DevToolsClient. Connection notification will not arrive.
Starting ChromeDriver 110.0.5481.77 (65ed616c6e8ee3fe0ad64fe83796c020644d42af-refs/branch-heads/5481@{#839}) on port 17773
Only local connections are allowed.
Please see https://chromedriver.chromium.org/security-considerations for suggestions on keeping ChromeDriver safe.
ChromeDriver was started successfully.
[1678284956.295][WARNING]: virtual void DevToolsClientImpl::AddListener(DevToolsEventListener *) subscribing a listener to the already connected DevToolsClient. Connection notification will not arrive.
Starting ChromeDriver 110.0.5481.77 (65ed616c6e8ee3fe0ad64fe83796c020644d42af-refs/branch-heads/5481@{#839}) on port 26853
Only local connections are allowed.
Please see https://chromedriver.chromium.org/security-considerations for suggestions on keeping ChromeDriver safe.
ChromeDriver was started successfully.
[1678284959.683][WARNING]: virtual void DevToolsClientImpl::AddListener(DevToolsEventListener *) subscribing a listener to the already connected DevToolsClient. Connection notification will not arrive.
Starting ChromeDriver 110.0.5481.77 (65ed616c6e8ee3fe0ad64fe83796c020644d42af-refs/branch-heads/5481@{#839}) on port 34287
Only local connections are allowed.
Please see https://chromedriver.chromium.org/security-considerations for suggestions on keeping ChromeDriver safe.
ChromeDriver was started successfully.
[1678284963.497][WARNING]: virtual void DevToolsClientImpl::AddListener(DevToolsEventListener *) subscribing a listener to the already connected DevToolsClient. Connection notification will not arrive.
Starting ChromeDriver 110.0.5481.77 (65ed616c6e8ee3fe0ad64fe83796c020644d42af-refs/branch-heads/5481@{#839}) on port 37977
Only local connections are allowed.
Please see https://chromedriver.chromium.org/security-considerations for suggestions on keeping ChromeDriver safe.
ChromeDriver was started successfully.
[1678284967.238][WARNING]: virtual void DevToolsClientImpl::AddListener(DevToolsEventListener *) subscribing a listener to the already connected DevToolsClient. Connection notification will not arrive.
Starting ChromeDriver 110.0.5481.77 (65ed616c6e8ee3fe0ad64fe83796c020644d42af-refs/branch-heads/5481@{#839}) on port 8332
Only local connections are allowed.
Please see https://chromedriver.chromium.org/security-considerations for suggestions on keeping ChromeDriver safe.
ChromeDriver was started successfully.
[1678284970.892][WARNING]: virtual void DevToolsClientImpl::AddListener(DevToolsEventListener *) subscribing a listener to the already connected DevToolsClient. Connection notification will not arrive.
Starting ChromeDriver 110.0.5481.77 (65ed616c6e8ee3fe0ad64fe83796c020644d42af-refs/branch-heads/5481@{#839}) on port 2194
Only local connections are allowed.
Please see https://chromedriver.chromium.org/security-considerations for suggestions on keeping ChromeDriver safe.
ChromeDriver was started successfully.
[1678284974.963][WARNING]: virtual void DevToolsClientImpl::AddListener(DevToolsEventListener *) subscribing a listener to the already connected DevToolsClient. Connection notification will not arrive.
Starting ChromeDriver 110.0.5481.77 (65ed616c6e8ee3fe0ad64fe83796c020644d42af-refs/branch-heads/5481@{#839}) on port 21318
Only local connections are allowed.
Please see https://chromedriver.chromium.org/security-considerations for suggestions on keeping ChromeDriver safe.
ChromeDriver was started successfully.
[1678284978.985][WARNING]: virtual void DevToolsClientImpl::AddListener(DevToolsEventListener *) subscribing a listener to the already connected DevToolsClient. Connection notification will not arrive.
Starting ChromeDriver 110.0.5481.77 (65ed616c6e8ee3fe0ad64fe83796c020644d42af-refs/branch-heads/5481@{#839}) on port 25170
Only local connections are allowed.
Please see https://chromedriver.chromium.org/security-considerations for suggestions on keeping ChromeDriver safe.
ChromeDriver was started successfully.
[1678284983.121][WARNING]: virtual void DevToolsClientImpl::AddListener(DevToolsEventListener *) subscribing a listener to the already connected DevToolsClient. Connection notification will not arrive.
Starting ChromeDriver 110.0.5481.77 (65ed616c6e8ee3fe0ad64fe83796c020644d42af-refs/branch-heads/5481@{#839}) on port 47213
Only local connections are allowed.
Please see https://chromedriver.chromium.org/security-considerations for suggestions on keeping ChromeDriver safe.
ChromeDriver was started successfully.
[1678284989.653][WARNING]: virtual void DevToolsClientImpl::AddListener(DevToolsEventListener *) subscribing a listener to the already connected DevToolsClient. Connection notification will not arrive.
Starting ChromeDriver 110.0.5481.77 (65ed616c6e8ee3fe0ad64fe83796c020644d42af-refs/branch-heads/5481@{#839}) on port 25686
Only local connections are allowed.
Please see https://chromedriver.chromium.org/security-considerations for suggestions on keeping ChromeDriver safe.
ChromeDriver was started successfully.
[1678284993.714][WARNING]: virtual void DevToolsClientImpl::AddListener(DevToolsEventListener *) subscribing a listener to the already connected DevToolsClient. Connection notification will not arrive.
Starting ChromeDriver 110.0.5481.77 (65ed616c6e8ee3fe0ad64fe83796c020644d42af-refs/branch-heads/5481@{#839}) on port 22642
Only local connections are allowed.
Please see https://chromedriver.chromium.org/security-considerations for suggestions on keeping ChromeDriver safe.
ChromeDriver was started successfully.
[1678284997.848][WARNING]: virtual void DevToolsClientImpl::AddListener(DevToolsEventListener *) subscribing a listener to the already connected DevToolsClient. Connection notification will not arrive.
Starting ChromeDriver 110.0.5481.77 (65ed616c6e8ee3fe0ad64fe83796c020644d42af-refs/branch-heads/5481@{#839}) on port 19519
Only local connections are allowed.
Please see https://chromedriver.chromium.org/security-considerations for suggestions on keeping ChromeDriver safe.
ChromeDriver was started successfully.
[1678285001.854][WARNING]: virtual void DevToolsClientImpl::AddListener(DevToolsEventListener *) subscribing a listener to the already connected DevToolsClient. Connection notification will not arrive.
Starting ChromeDriver 110.0.5481.77 (65ed616c6e8ee3fe0ad64fe83796c020644d42af-refs/branch-heads/5481@{#839}) on port 46144
Only local connections are allowed.
Please see https://chromedriver.chromium.org/security-considerations for suggestions on keeping ChromeDriver safe.
ChromeDriver was started successfully.
[1678285005.915][WARNING]: virtual void DevToolsClientImpl::AddListener(DevToolsEventListener *) subscribing a listener to the already connected DevToolsClient. Connection notification will not arrive.
Starting ChromeDriver 110.0.5481.77 (65ed616c6e8ee3fe0ad64fe83796c020644d42af-refs/branch-heads/5481@{#839}) on port 6190
Only local connections are allowed.
Please see https://chromedriver.chromium.org/security-considerations for suggestions on keeping ChromeDriver safe.
ChromeDriver was started successfully.
[1678285009.849][WARNING]: virtual void DevToolsClientImpl::AddListener(DevToolsEventListener *) subscribing a listener to the already connected DevToolsClient. Connection notification will not arrive.
Starting ChromeDriver 110.0.5481.77 (65ed616c6e8ee3fe0ad64fe83796c020644d42af-refs/branch-heads/5481@{#839}) on port 7555
Only local connections are allowed.
Please see https://chromedriver.chromium.org/security-considerations for suggestions on keeping ChromeDriver safe.
ChromeDriver was started successfully.
[1678285014.155][WARNING]: virtual void DevToolsClientImpl::AddListener(DevToolsEventListener *) subscribing a listener to the already connected DevToolsClient. Connection notification will not arrive.
Starting ChromeDriver 110.0.5481.77 (65ed616c6e8ee3fe0ad64fe83796c020644d42af-refs/branch-heads/5481@{#839}) on port 30663
Only local connections are allowed.
Please see https://chromedriver.chromium.org/security-considerations for suggestions on keeping ChromeDriver safe.
ChromeDriver was started successfully.
[1678285018.324][WARNING]: virtual void DevToolsClientImpl::AddListener(DevToolsEventListener *) subscribing a listener to the already connected DevToolsClient. Connection notification will not arrive.
Starting ChromeDriver 110.0.5481.77 (65ed616c6e8ee3fe0ad64fe83796c020644d42af-refs/branch-heads/5481@{#839}) on port 32581
Only local connections are allowed.
Please see https://chromedriver.chromium.org/security-considerations for suggestions on keeping ChromeDriver safe.
ChromeDriver was started successfully.
[1678285022.610][WARNING]: virtual void DevToolsClientImpl::AddListener(DevToolsEventListener *) subscribing a listener to the already connected DevToolsClient. Connection notification will not arrive.
Starting ChromeDriver 110.0.5481.77 (65ed616c6e8ee3fe0ad64fe83796c020644d42af-refs/branch-heads/5481@{#839}) on port 10053
Only local connections are allowed.
Please see https://chromedriver.chromium.org/security-considerations for suggestions on keeping ChromeDriver safe.
ChromeDriver was started successfully.
[1678285026.837][WARNING]: virtual void DevToolsClientImpl::AddListener(DevToolsEventListener *) subscribing a listener to the already connected DevToolsClient. Connection notification will not arrive.
Starting ChromeDriver 110.0.5481.77 (65ed616c6e8ee3fe0ad64fe83796c020644d42af-refs/branch-heads/5481@{#839}) on port 17435
Only local connections are allowed.
Please see https://chromedriver.chromium.org/security-considerations for suggestions on keeping ChromeDriver safe.
ChromeDriver was started successfully.
[1678285031.031][WARNING]: virtual void DevToolsClientImpl::AddListener(DevToolsEventListener *) subscribing a listener to the already connected DevToolsClient. Connection notification will not arrive.
Starting ChromeDriver 110.0.5481.77 (65ed616c6e8ee3fe0ad64fe83796c020644d42af-refs/branch-heads/5481@{#839}) on port 8117
Only local connections are allowed.
Please see https://chromedriver.chromium.org/security-considerations for suggestions on keeping ChromeDriver safe.
ChromeDriver was started successfully.
[1678285035.394][WARNING]: virtual void DevToolsClientImpl::AddListener(DevToolsEventListener *) subscribing a listener to the already connected DevToolsClient. Connection notification will not arrive.
Starting ChromeDriver 110.0.5481.77 (65ed616c6e8ee3fe0ad64fe83796c020644d42af-refs/branch-heads/5481@{#839}) on port 19757
Only local connections are allowed.
Please see https://chromedriver.chromium.org/security-considerations for suggestions on keeping ChromeDriver safe.
ChromeDriver was started successfully.
[1678285039.637][WARNING]: virtual void DevToolsClientImpl::AddListener(DevToolsEventListener *) subscribing a listener to the already connected DevToolsClient. Connection notification will not arrive.
Starting ChromeDriver 110.0.5481.77 (65ed616c6e8ee3fe0ad64fe83796c020644d42af-refs/branch-heads/5481@{#839}) on port 21128
Only local connections are allowed.
Please see https://chromedriver.chromium.org/security-considerations for suggestions on keeping ChromeDriver safe.
ChromeDriver was started successfully.
[1678285043.880][WARNING]: virtual void DevToolsClientImpl::AddListener(DevToolsEventListener *) subscribing a listener to the already connected DevToolsClient. Connection notification will not arrive.
Starting ChromeDriver 110.0.5481.77 (65ed616c6e8ee3fe0ad64fe83796c020644d42af-refs/branch-heads/5481@{#839}) on port 36636
Only local connections are allowed.
Please see https://chromedriver.chromium.org/security-considerations for suggestions on keeping ChromeDriver safe.
ChromeDriver was started successfully.
[1678285047.649][WARNING]: virtual void DevToolsClientImpl::AddListener(DevToolsEventListener *) subscribing a listener to the already connected DevToolsClient. Connection notification will not arrive.
Starting ChromeDriver 110.0.5481.77 (65ed616c6e8ee3fe0ad64fe83796c020644d42af-refs/branch-heads/5481@{#839}) on port 17637
Only local connections are allowed.
Please see https://chromedriver.chromium.org/security-considerations for suggestions on keeping ChromeDriver safe.
ChromeDriver was started successfully.
[1678285051.560][WARNING]: virtual void DevToolsClientImpl::AddListener(DevToolsEventListener *) subscribing a listener to the already connected DevToolsClient. Connection notification will not arrive.
Starting ChromeDriver 110.0.5481.77 (65ed616c6e8ee3fe0ad64fe83796c020644d42af-refs/branch-heads/5481@{#839}) on port 26917
Only local connections are allowed.
Please see https://chromedriver.chromium.org/security-considerations for suggestions on keeping ChromeDriver safe.
ChromeDriver was started successfully.
[1678285056.620][WARNING]: virtual void DevToolsClientImpl::AddListener(DevToolsEventListener *) subscribing a listener to the already connected DevToolsClient. Connection notification will not arrive.
Starting ChromeDriver 110.0.5481.77 (65ed616c6e8ee3fe0ad64fe83796c020644d42af-refs/branch-heads/5481@{#839}) on port 24561
Only local connections are allowed.
Please see https://chromedriver.chromium.org/security-considerations for suggestions on keeping ChromeDriver safe.
ChromeDriver was started successfully.
[1678285061.631][WARNING]: virtual void DevToolsClientImpl::AddListener(DevToolsEventListener *) subscribing a listener to the already connected DevToolsClient. Connection notification will not arrive.
Starting ChromeDriver 110.0.5481.77 (65ed616c6e8ee3fe0ad64fe83796c020644d42af-refs/branch-heads/5481@{#839}) on port 35963
Only local connections are allowed.
Please see https://chromedriver.chromium.org/security-considerations for suggestions on keeping ChromeDriver safe.
ChromeDriver was started successfully.
[1678285065.308][WARNING]: virtual void DevToolsClientImpl::AddListener(DevToolsEventListener *) subscribing a listener to the already connected DevToolsClient. Connection notification will not arrive.
Starting ChromeDriver 110.0.5481.77 (65ed616c6e8ee3fe0ad64fe83796c020644d42af-refs/branch-heads/5481@{#839}) on port 43669
Only local connections are allowed.
Please see https://chromedriver.chromium.org/security-considerations for suggestions on keeping ChromeDriver safe.
ChromeDriver was started successfully.
[1678285069.390][WARNING]: virtual void DevToolsClientImpl::AddListener(DevToolsEventListener *) subscribing a listener to the already connected DevToolsClient. Connection notification will not arrive.
]]></system-err>
</testsuite>
