<?xml version="1.0" encoding="UTF-8"?>
<testsuite name="demo.SystemTest" tests="42" skipped="0" failures="0" errors="0" timestamp="2023-01-17T15:41:17" hostname="LAPTOP-95RP200R" time="168.028">
  <properties/>
  <testcase name="AAtestCreaNuovoUtente" classname="demo.SystemTest" time="7.797"/>
  <testcase name="ABtestCreaNuovoUtente" classname="demo.SystemTest" time="4.237"/>
  <testcase name="ACtestCreaNuovoUtente" classname="demo.SystemTest" time="4.394"/>
  <testcase name="ADtestCreaNuovoUtente" classname="demo.SystemTest" time="4.175"/>
  <testcase name="AEtestCreaNuovoUtente" classname="demo.SystemTest" time="4.18"/>
  <testcase name="AFtestCreaNuovoUtente" classname="demo.SystemTest" time="4.138"/>
  <testcase name="AGtestCreaNuovoUtente" classname="demo.SystemTest" time="4.466"/>
  <testcase name="AHtestCreaNuovoUtente" classname="demo.SystemTest" time="4.548"/>
  <testcase name="BAtestLogIn" classname="demo.SystemTest" time="3.563"/>
  <testcase name="BBtestLogIn" classname="demo.SystemTest" time="3.609"/>
  <testcase name="BCtestLogIn" classname="demo.SystemTest" time="3.427"/>
  <testcase name="BDtestLogIn" classname="demo.SystemTest" time="3.546"/>
  <testcase name="DAtestUtente" classname="demo.SystemTest" time="3.669"/>
  <testcase name="DBtestUtente" classname="demo.SystemTest" time="3.609"/>
  <testcase name="DCtestUtente" classname="demo.SystemTest" time="3.628"/>
  <testcase name="EAtestProfilo" classname="demo.SystemTest" time="4.201"/>
  <testcase name="EBtestProfilo" classname="demo.SystemTest" time="4.015"/>
  <testcase name="ECtestProfilo" classname="demo.SystemTest" time="4.029"/>
  <testcase name="EDtestProfilo" classname="demo.SystemTest" time="4.144"/>
  <testcase name="EEtestProfilo" classname="demo.SystemTest" time="3.957"/>
  <testcase name="EFtestProfilo" classname="demo.SystemTest" time="4.079"/>
  <testcase name="EGtestProfilo" classname="demo.SystemTest" time="4.072"/>
  <testcase name="EHtestProfilo" classname="demo.SystemTest" time="4.042"/>
  <testcase name="EItestIndietro" classname="demo.SystemTest" time="4.184"/>
  <testcase name="FAtestPompaInsulinica" classname="demo.SystemTest" time="4.135"/>
  <testcase name="FBtestPompaInsulinica" classname="demo.SystemTest" time="4.127"/>
  <testcase name="FCtestPompaInsulinica" classname="demo.SystemTest" time="4.139"/>
  <testcase name="FDtestPompaInsulinica" classname="demo.SystemTest" time="4.233"/>
  <testcase name="FEtestPompaInsulinica" classname="demo.SystemTest" time="4.111"/>
  <testcase name="FFtestPompaInsulinica" classname="demo.SystemTest" time="4.073"/>
  <testcase name="FGtestPompaInsulinica" classname="demo.SystemTest" time="4.106"/>
  <testcase name="FHtestPompaInsulinica" classname="demo.SystemTest" time="4.098"/>
  <testcase name="FItestIndietro" classname="demo.SystemTest" time="3.647"/>
  <testcase name="GAtestCronologia" classname="demo.SystemTest" time="3.84"/>
  <testcase name="GBtestCronologia" classname="demo.SystemTest" time="4.904"/>
  <testcase name="GCtestIndietro" classname="demo.SystemTest" time="4.771"/>
  <testcase name="HAtestLogOut" classname="demo.SystemTest" time="3.535"/>
  <testcase name="IAtestDelete" classname="demo.SystemTest" time="3.951"/>
  <testcase name="IBtestDelete" classname="demo.SystemTest" time="3.972"/>
  <testcase name="JAtestChangeIdPerson" classname="demo.SystemTest" time="2.162"/>
  <testcase name="KAtestToStringPersona" classname="demo.SystemTest" time="2.288"/>
  <testcase name="KBtestToStringMisurazione" classname="demo.SystemTest" time="2.19"/>
  <system-out><![CDATA[16:41:01.528 [Test worker] DEBUG org.springframework.test.context.junit4.SpringJUnit4ClassRunner - SpringJUnit4ClassRunner constructor called with [class demo.SystemTest]
16:41:01.577 [Test worker] DEBUG org.springframework.test.context.BootstrapUtils - Instantiating CacheAwareContextLoaderDelegate from class [org.springframework.test.context.cache.DefaultCacheAwareContextLoaderDelegate]
16:41:01.619 [Test worker] DEBUG org.springframework.test.context.BootstrapUtils - Instantiating BootstrapContext using constructor [public org.springframework.test.context.support.DefaultBootstrapContext(java.lang.Class,org.springframework.test.context.CacheAwareContextLoaderDelegate)]
16:41:01.787 [Test worker] DEBUG org.springframework.test.context.BootstrapUtils - Instantiating TestContextBootstrapper for test class [demo.SystemTest] from class [org.springframework.boot.test.context.SpringBootTestContextBootstrapper]
16:41:01.870 [Test worker] INFO org.springframework.boot.test.context.SpringBootTestContextBootstrapper - Neither @ContextConfiguration nor @ContextHierarchy found for test class [demo.SystemTest], using SpringBootContextLoader
16:41:01.889 [Test worker] DEBUG org.springframework.test.context.support.AbstractContextLoader - Did not detect default resource location for test class [demo.SystemTest]: class path resource [demo/SystemTest-context.xml] does not exist
16:41:01.890 [Test worker] DEBUG org.springframework.test.context.support.AbstractContextLoader - Did not detect default resource location for test class [demo.SystemTest]: class path resource [demo/SystemTestContext.groovy] does not exist
16:41:01.891 [Test worker] INFO org.springframework.test.context.support.AbstractContextLoader - Could not detect default resource locations for test class [demo.SystemTest]: no resource found for suffixes {-context.xml, Context.groovy}.
16:41:01.893 [Test worker] INFO org.springframework.test.context.support.AnnotationConfigContextLoaderUtils - Could not detect default configuration classes for test class [demo.SystemTest]: SystemTest does not declare any static, non-private, non-final, nested classes annotated with @Configuration.
16:41:02.085 [Test worker] DEBUG org.springframework.test.context.support.ActiveProfilesUtils - Could not find an 'annotation declaring class' for annotation type [org.springframework.test.context.ActiveProfiles] and class [demo.SystemTest]
16:41:02.373 [Test worker] DEBUG org.springframework.context.annotation.ClassPathScanningCandidateComponentProvider - Identified candidate component class: file [C:\Users\massa\Documents\Università\FondamentiDiIngegneriaDelSW\provaProgetto\PompaInsulinica\PompaInsulinica\build\classes\java\main\demo\ServingWebContentApplication.class]
16:41:02.376 [Test worker] INFO org.springframework.boot.test.context.SpringBootTestContextBootstrapper - Found @SpringBootConfiguration demo.ServingWebContentApplication for test class demo.SystemTest
16:41:02.770 [Test worker] DEBUG org.springframework.boot.test.context.SpringBootTestContextBootstrapper - @TestExecutionListeners is not present for class [demo.SystemTest]: using defaults.
16:41:02.773 [Test worker] INFO org.springframework.boot.test.context.SpringBootTestContextBootstrapper - Loaded default TestExecutionListener class names from location [META-INF/spring.factories]: [org.springframework.boot.test.autoconfigure.restdocs.RestDocsTestExecutionListener, org.springframework.boot.test.autoconfigure.web.client.MockRestServiceServerResetTestExecutionListener, org.springframework.boot.test.autoconfigure.web.servlet.MockMvcPrintOnlyOnFailureTestExecutionListener, org.springframework.boot.test.autoconfigure.web.servlet.WebDriverTestExecutionListener, org.springframework.boot.test.autoconfigure.webservices.client.MockWebServiceServerTestExecutionListener, org.springframework.boot.test.mock.mockito.MockitoTestExecutionListener, org.springframework.boot.test.mock.mockito.ResetMocksTestExecutionListener, org.springframework.test.context.web.ServletTestExecutionListener, org.springframework.test.context.support.DirtiesContextBeforeModesTestExecutionListener, org.springframework.test.context.support.DependencyInjectionTestExecutionListener, org.springframework.test.context.support.DirtiesContextTestExecutionListener, org.springframework.test.context.transaction.TransactionalTestExecutionListener, org.springframework.test.context.jdbc.SqlScriptsTestExecutionListener, org.springframework.test.context.event.EventPublishingTestExecutionListener]
16:41:02.853 [Test worker] INFO org.springframework.boot.test.context.SpringBootTestContextBootstrapper - Using TestExecutionListeners: [org.springframework.test.context.web.ServletTestExecutionListener@11029784, org.springframework.test.context.support.DirtiesContextBeforeModesTestExecutionListener@5ef65ce8, org.springframework.boot.test.mock.mockito.MockitoTestExecutionListener@24c18b59, org.springframework.boot.test.autoconfigure.SpringBootDependencyInjectionTestExecutionListener@323ab5c8, org.springframework.test.context.support.DirtiesContextTestExecutionListener@3701aabc, org.springframework.test.context.transaction.TransactionalTestExecutionListener@5bfca1a8, org.springframework.test.context.jdbc.SqlScriptsTestExecutionListener@734f62cd, org.springframework.test.context.event.EventPublishingTestExecutionListener@14bc1d99, org.springframework.boot.test.autoconfigure.restdocs.RestDocsTestExecutionListener@2ed211f8, org.springframework.boot.test.autoconfigure.web.client.MockRestServiceServerResetTestExecutionListener@101d146b, org.springframework.boot.test.autoconfigure.web.servlet.MockMvcPrintOnlyOnFailureTestExecutionListener@18cc55af, org.springframework.boot.test.autoconfigure.web.servlet.WebDriverTestExecutionListener@6ce8d3fa, org.springframework.boot.test.autoconfigure.webservices.client.MockWebServiceServerTestExecutionListener@528b524e, org.springframework.boot.test.mock.mockito.ResetMocksTestExecutionListener@2a4daa38]
16:41:02.877 [Test worker] DEBUG org.springframework.test.annotation.ProfileValueUtils - Retrieved @ProfileValueSourceConfiguration [null] for test class [demo.SystemTest]
16:41:02.879 [Test worker] DEBUG org.springframework.test.annotation.ProfileValueUtils - Retrieved ProfileValueSource type [class org.springframework.test.annotation.SystemProfileValueSource] for class [demo.SystemTest]
16:41:02.894 [Test worker] DEBUG org.springframework.test.annotation.ProfileValueUtils - Retrieved @ProfileValueSourceConfiguration [null] for test class [demo.SystemTest]
16:41:02.895 [Test worker] DEBUG org.springframework.test.annotation.ProfileValueUtils - Retrieved ProfileValueSource type [class org.springframework.test.annotation.SystemProfileValueSource] for class [demo.SystemTest]
16:41:02.896 [Test worker] DEBUG org.springframework.test.annotation.ProfileValueUtils - Retrieved @ProfileValueSourceConfiguration [null] for test class [demo.SystemTest]
16:41:02.896 [Test worker] DEBUG org.springframework.test.annotation.ProfileValueUtils - Retrieved ProfileValueSource type [class org.springframework.test.annotation.SystemProfileValueSource] for class [demo.SystemTest]
16:41:02.909 [Test worker] DEBUG org.springframework.test.context.support.AbstractDirtiesContextTestExecutionListener - Before test class: context [DefaultTestContext@197b587e testClass = SystemTest, testInstance = [null], testMethod = [null], testException = [null], mergedContextConfiguration = [WebMergedContextConfiguration@2c12320c testClass = SystemTest, locations = '{}', classes = '{class demo.ServingWebContentApplication}', contextInitializerClasses = '[]', activeProfiles = '{}', propertySourceLocations = '{}', propertySourceProperties = '{org.springframework.boot.test.context.SpringBootTestContextBootstrapper=true}', contextCustomizers = set[org.springframework.boot.test.autoconfigure.properties.PropertyMappingContextCustomizer@0, org.springframework.boot.test.autoconfigure.web.servlet.WebDriverContextCustomizerFactory$Customizer@509ef9e8, org.springframework.boot.test.context.filter.ExcludeFilterContextCustomizer@7f3e8738, org.springframework.boot.test.json.DuplicateJsonObjectContextCustomizerFactory$DuplicateJsonObjectContextCustomizer@7a71b1d5, org.springframework.boot.test.mock.mockito.MockitoContextCustomizer@0, org.springframework.boot.test.web.client.TestRestTemplateContextCustomizer@69b4f6e2, org.springframework.boot.test.context.SpringBootTestArgs@1], resourceBasePath = 'src/main/webapp', contextLoader = 'org.springframework.boot.test.context.SpringBootContextLoader', parent = [null]], attributes = map['org.springframework.test.context.web.ServletTestExecutionListener.activateListener' -> false]], class annotated with @DirtiesContext [false] with mode [null].
16:41:02.913 [Test worker] DEBUG org.springframework.test.annotation.ProfileValueUtils - Retrieved @ProfileValueSourceConfiguration [null] for test class [demo.SystemTest]
16:41:02.914 [Test worker] DEBUG org.springframework.test.annotation.ProfileValueUtils - Retrieved ProfileValueSource type [class org.springframework.test.annotation.SystemProfileValueSource] for class [demo.SystemTest]
16:41:02.931 [Test worker] DEBUG org.springframework.test.context.support.DependencyInjectionTestExecutionListener - Performing dependency injection for test context [[DefaultTestContext@197b587e testClass = SystemTest, testInstance = demo.SystemTest@193cc493, testMethod = [null], testException = [null], mergedContextConfiguration = [WebMergedContextConfiguration@2c12320c testClass = SystemTest, locations = '{}', classes = '{class demo.ServingWebContentApplication}', contextInitializerClasses = '[]', activeProfiles = '{}', propertySourceLocations = '{}', propertySourceProperties = '{org.springframework.boot.test.context.SpringBootTestContextBootstrapper=true}', contextCustomizers = set[org.springframework.boot.test.autoconfigure.properties.PropertyMappingContextCustomizer@0, org.springframework.boot.test.autoconfigure.web.servlet.WebDriverContextCustomizerFactory$Customizer@509ef9e8, org.springframework.boot.test.context.filter.ExcludeFilterContextCustomizer@7f3e8738, org.springframework.boot.test.json.DuplicateJsonObjectContextCustomizerFactory$DuplicateJsonObjectContextCustomizer@7a71b1d5, org.springframework.boot.test.mock.mockito.MockitoContextCustomizer@0, org.springframework.boot.test.web.client.TestRestTemplateContextCustomizer@69b4f6e2, org.springframework.boot.test.context.SpringBootTestArgs@1], resourceBasePath = 'src/main/webapp', contextLoader = 'org.springframework.boot.test.context.SpringBootContextLoader', parent = [null]], attributes = map['org.springframework.test.context.web.ServletTestExecutionListener.activateListener' -> false]]].
16:41:03.011 [Test worker] DEBUG org.springframework.test.context.support.TestPropertySourceUtils - Adding inlined properties to environment: {spring.jmx.enabled=false, org.springframework.boot.test.context.SpringBootTestContextBootstrapper=true}

  .   ____          _            __ _ _
 /\\ / ___'_ __ _ _(_)_ __  __ _ \ \ \ \
( ( )\___ | '_ | '_| | '_ \/ _` | \ \ \ \
 \\/  ___)| |_)| | | | | || (_| |  ) ) ) )
  '  |____| .__|_| |_|_| |_\__, | / / / /
 =========|_|==============|___/=/_/_/_/
 :: Spring Boot ::        (v2.3.2.RELEASE)

2023-01-17 16:41:04.162  INFO 10524 --- [    Test worker] demo.SystemTest                          : Starting SystemTest on LAPTOP-95RP200R with PID 10524 (started by massa in C:\Users\massa\Documents\Università\FondamentiDiIngegneriaDelSW\provaProgetto\PompaInsulinica\PompaInsulinica)
2023-01-17 16:41:04.165  INFO 10524 --- [    Test worker] demo.SystemTest                          : No active profile set, falling back to default profiles: default
2023-01-17 16:41:06.395  INFO 10524 --- [    Test worker] .s.d.r.c.RepositoryConfigurationDelegate : Bootstrapping Spring Data JPA repositories in DEFERRED mode.
2023-01-17 16:41:06.612  INFO 10524 --- [    Test worker] .s.d.r.c.RepositoryConfigurationDelegate : Finished Spring Data repository scanning in 181ms. Found 2 JPA repository interfaces.
2023-01-17 16:41:09.120  INFO 10524 --- [    Test worker] o.s.b.w.embedded.tomcat.TomcatWebServer  : Tomcat initialized with port(s): 8080 (http)
2023-01-17 16:41:09.170  INFO 10524 --- [    Test worker] o.apache.catalina.core.StandardService   : Starting service [Tomcat]
2023-01-17 16:41:09.173  INFO 10524 --- [    Test worker] org.apache.catalina.core.StandardEngine  : Starting Servlet engine: [Apache Tomcat/9.0.37]
2023-01-17 16:41:09.720  INFO 10524 --- [    Test worker] o.a.c.c.C.[Tomcat].[localhost].[/]       : Initializing Spring embedded WebApplicationContext
2023-01-17 16:41:09.722  INFO 10524 --- [    Test worker] w.s.c.ServletWebServerApplicationContext : Root WebApplicationContext: initialization completed in 5486 ms
2023-01-17 16:41:09.943  INFO 10524 --- [    Test worker] com.zaxxer.hikari.HikariDataSource       : HikariPool-1 - Starting...
2023-01-17 16:41:11.179  INFO 10524 --- [    Test worker] com.zaxxer.hikari.HikariDataSource       : HikariPool-1 - Start completed.
2023-01-17 16:41:11.255  INFO 10524 --- [    Test worker] o.s.b.a.h2.H2ConsoleAutoConfiguration    : H2 console available at '/h2console'. Database available at 'jdbc:h2:~/insulinaDb'
2023-01-17 16:41:12.007  INFO 10524 --- [    Test worker] o.s.s.concurrent.ThreadPoolTaskExecutor  : Initializing ExecutorService 'applicationTaskExecutor'
2023-01-17 16:41:12.272  INFO 10524 --- [         task-1] o.hibernate.jpa.internal.util.LogHelper  : HHH000204: Processing PersistenceUnitInfo [name: default]
2023-01-17 16:41:12.621  INFO 10524 --- [         task-1] org.hibernate.Version                    : HHH000412: Hibernate ORM core version 5.4.18.Final
2023-01-17 16:41:13.255  INFO 10524 --- [         task-1] o.hibernate.annotations.common.Version   : HCANN000001: Hibernate Commons Annotations {5.1.0.Final}
2023-01-17 16:41:13.808  INFO 10524 --- [         task-1] org.hibernate.dialect.Dialect            : HHH000400: Using dialect: org.hibernate.dialect.H2Dialect
2023-01-17 16:41:15.672  INFO 10524 --- [    Test worker] o.s.b.w.embedded.tomcat.TomcatWebServer  : Tomcat started on port(s): 8080 (http) with context path ''
2023-01-17 16:41:15.676  INFO 10524 --- [    Test worker] DeferredRepositoryInitializationListener : Triggering deferred initialization of Spring Data repositories…
2023-01-17 16:41:16.862  INFO 10524 --- [         task-1] o.h.e.t.j.p.i.JtaPlatformInitiator       : HHH000490: Using JtaPlatform implementation: [org.hibernate.engine.transaction.jta.platform.internal.NoJtaPlatform]
2023-01-17 16:41:16.888  INFO 10524 --- [         task-1] j.LocalContainerEntityManagerFactoryBean : Initialized JPA EntityManagerFactory for persistence unit 'default'
2023-01-17 16:41:17.803  INFO 10524 --- [    Test worker] DeferredRepositoryInitializationListener : Spring Data repositories initialized!
2023-01-17 16:41:17.827  INFO 10524 --- [    Test worker] demo.SystemTest                          : Started SystemTest in 14.807 seconds (JVM running for 19.259)
2023-01-17 16:41:21.192  INFO 10524 --- [ null to remote] o.o.selenium.remote.ProtocolHandshake    : Detected dialect: W3C
2023-01-17 16:41:21.496  INFO 10524 --- [nio-8080-exec-1] o.a.c.c.C.[Tomcat].[localhost].[/]       : Initializing Spring DispatcherServlet 'dispatcherServlet'
2023-01-17 16:41:21.497  INFO 10524 --- [nio-8080-exec-1] o.s.web.servlet.DispatcherServlet        : Initializing Servlet 'dispatcherServlet'
2023-01-17 16:41:21.576  INFO 10524 --- [nio-8080-exec-1] o.s.web.servlet.DispatcherServlet        : Completed initialization in 78 ms
Hibernate: select person0_.id as id1_1_, person0_.cognome as cognome2_1_, person0_.email as email3_1_, person0_.nome as nome4_1_, person0_.password as password5_1_, person0_.username as username6_1_ from person person0_
Hibernate: select person0_.id as id1_1_, person0_.cognome as cognome2_1_, person0_.email as email3_1_, person0_.nome as nome4_1_, person0_.password as password5_1_, person0_.username as username6_1_ from person person0_ where person0_.username=?
2023-01-17 16:41:27.290  INFO 10524 --- [ null to remote] o.o.selenium.remote.ProtocolHandshake    : Detected dialect: W3C
Hibernate: select person0_.id as id1_1_, person0_.cognome as cognome2_1_, person0_.email as email3_1_, person0_.nome as nome4_1_, person0_.password as password5_1_, person0_.username as username6_1_ from person person0_
Hibernate: select person0_.id as id1_1_, person0_.cognome as cognome2_1_, person0_.email as email3_1_, person0_.nome as nome4_1_, person0_.password as password5_1_, person0_.username as username6_1_ from person person0_ where person0_.username=?
2023-01-17 16:41:31.505  INFO 10524 --- [ null to remote] o.o.selenium.remote.ProtocolHandshake    : Detected dialect: W3C
Hibernate: select person0_.id as id1_1_, person0_.cognome as cognome2_1_, person0_.email as email3_1_, person0_.nome as nome4_1_, person0_.password as password5_1_, person0_.username as username6_1_ from person person0_
Hibernate: select person0_.id as id1_1_, person0_.cognome as cognome2_1_, person0_.email as email3_1_, person0_.nome as nome4_1_, person0_.password as password5_1_, person0_.username as username6_1_ from person person0_ where person0_.username=?
2023-01-17 16:41:35.915  INFO 10524 --- [ null to remote] o.o.selenium.remote.ProtocolHandshake    : Detected dialect: W3C
Hibernate: select person0_.id as id1_1_, person0_.cognome as cognome2_1_, person0_.email as email3_1_, person0_.nome as nome4_1_, person0_.password as password5_1_, person0_.username as username6_1_ from person person0_
2023-01-17 16:41:40.162  INFO 10524 --- [ null to remote] o.o.selenium.remote.ProtocolHandshake    : Detected dialect: W3C
Hibernate: select person0_.id as id1_1_, person0_.cognome as cognome2_1_, person0_.email as email3_1_, person0_.nome as nome4_1_, person0_.password as password5_1_, person0_.username as username6_1_ from person person0_
Hibernate: select person0_.id as id1_1_, person0_.cognome as cognome2_1_, person0_.email as email3_1_, person0_.nome as nome4_1_, person0_.password as password5_1_, person0_.username as username6_1_ from person person0_ where person0_.username=?
2023-01-17 16:41:44.228  INFO 10524 --- [ null to remote] o.o.selenium.remote.ProtocolHandshake    : Detected dialect: W3C
Hibernate: select person0_.id as id1_1_, person0_.cognome as cognome2_1_, person0_.email as email3_1_, person0_.nome as nome4_1_, person0_.password as password5_1_, person0_.username as username6_1_ from person person0_
Hibernate: select person0_.id as id1_1_, person0_.cognome as cognome2_1_, person0_.email as email3_1_, person0_.nome as nome4_1_, person0_.password as password5_1_, person0_.username as username6_1_ from person person0_ where person0_.username=?
Hibernate: call next value for hibernate_sequence
Hibernate: insert into person (cognome, email, nome, password, username, id) values (?, ?, ?, ?, ?, ?)
2023-01-17 16:41:48.404  INFO 10524 --- [ null to remote] o.o.selenium.remote.ProtocolHandshake    : Detected dialect: W3C
Hibernate: select person0_.id as id1_1_, person0_.cognome as cognome2_1_, person0_.email as email3_1_, person0_.nome as nome4_1_, person0_.password as password5_1_, person0_.username as username6_1_ from person person0_
Hibernate: select person0_.id as id1_1_, person0_.cognome as cognome2_1_, person0_.email as email3_1_, person0_.nome as nome4_1_, person0_.password as password5_1_, person0_.username as username6_1_ from person person0_ where person0_.username=?
2023-01-17 16:41:52.939  INFO 10524 --- [ null to remote] o.o.selenium.remote.ProtocolHandshake    : Detected dialect: W3C
Hibernate: select person0_.id as id1_1_, person0_.cognome as cognome2_1_, person0_.email as email3_1_, person0_.nome as nome4_1_, person0_.password as password5_1_, person0_.username as username6_1_ from person person0_
Hibernate: select person0_.id as id1_1_, person0_.cognome as cognome2_1_, person0_.email as email3_1_, person0_.nome as nome4_1_, person0_.password as password5_1_, person0_.username as username6_1_ from person person0_ where person0_.username=?
Hibernate: call next value for hibernate_sequence
Hibernate: insert into person (cognome, email, nome, password, username, id) values (?, ?, ?, ?, ?, ?)
2023-01-17 16:41:57.458  INFO 10524 --- [ null to remote] o.o.selenium.remote.ProtocolHandshake    : Detected dialect: W3C
Hibernate: select person0_.id as id1_1_, person0_.cognome as cognome2_1_, person0_.email as email3_1_, person0_.nome as nome4_1_, person0_.password as password5_1_, person0_.username as username6_1_ from person person0_
Hibernate: select person0_.id as id1_1_, person0_.cognome as cognome2_1_, person0_.email as email3_1_, person0_.nome as nome4_1_, person0_.password as password5_1_, person0_.username as username6_1_ from person person0_ where person0_.username=?
2023-01-17 16:42:00.995  INFO 10524 --- [ null to remote] o.o.selenium.remote.ProtocolHandshake    : Detected dialect: W3C
Hibernate: select person0_.id as id1_1_, person0_.cognome as cognome2_1_, person0_.email as email3_1_, person0_.nome as nome4_1_, person0_.password as password5_1_, person0_.username as username6_1_ from person person0_
Hibernate: select person0_.id as id1_1_, person0_.cognome as cognome2_1_, person0_.email as email3_1_, person0_.nome as nome4_1_, person0_.password as password5_1_, person0_.username as username6_1_ from person person0_ where person0_.username=?
2023-01-17 16:42:04.580  INFO 10524 --- [ null to remote] o.o.selenium.remote.ProtocolHandshake    : Detected dialect: W3C
Hibernate: select person0_.id as id1_1_, person0_.cognome as cognome2_1_, person0_.email as email3_1_, person0_.nome as nome4_1_, person0_.password as password5_1_, person0_.username as username6_1_ from person person0_
Hibernate: select person0_.id as id1_1_, person0_.cognome as cognome2_1_, person0_.email as email3_1_, person0_.nome as nome4_1_, person0_.password as password5_1_, person0_.username as username6_1_ from person person0_ where person0_.username=?
2023-01-17 16:42:08.039  INFO 10524 --- [ null to remote] o.o.selenium.remote.ProtocolHandshake    : Detected dialect: W3C
Hibernate: select person0_.id as id1_1_, person0_.cognome as cognome2_1_, person0_.email as email3_1_, person0_.nome as nome4_1_, person0_.password as password5_1_, person0_.username as username6_1_ from person person0_
Hibernate: select person0_.id as id1_1_, person0_.cognome as cognome2_1_, person0_.email as email3_1_, person0_.nome as nome4_1_, person0_.password as password5_1_, person0_.username as username6_1_ from person person0_ where person0_.username=?
2023-01-17 16:42:11.549  INFO 10524 --- [ null to remote] o.o.selenium.remote.ProtocolHandshake    : Detected dialect: W3C
Hibernate: select person0_.id as id1_1_, person0_.cognome as cognome2_1_, person0_.email as email3_1_, person0_.nome as nome4_1_, person0_.password as password5_1_, person0_.username as username6_1_ from person person0_
Hibernate: select person0_.id as id1_1_, person0_.cognome as cognome2_1_, person0_.email as email3_1_, person0_.nome as nome4_1_, person0_.password as password5_1_, person0_.username as username6_1_ from person person0_ where person0_.username=?
Hibernate: select person0_.id as id1_1_0_, person0_.cognome as cognome2_1_0_, person0_.email as email3_1_0_, person0_.nome as nome4_1_0_, person0_.password as password5_1_0_, person0_.username as username6_1_0_ from person person0_ where person0_.id=?
2023-01-17 16:42:15.216  INFO 10524 --- [ null to remote] o.o.selenium.remote.ProtocolHandshake    : Detected dialect: W3C
Hibernate: select person0_.id as id1_1_, person0_.cognome as cognome2_1_, person0_.email as email3_1_, person0_.nome as nome4_1_, person0_.password as password5_1_, person0_.username as username6_1_ from person person0_
Hibernate: select person0_.id as id1_1_, person0_.cognome as cognome2_1_, person0_.email as email3_1_, person0_.nome as nome4_1_, person0_.password as password5_1_, person0_.username as username6_1_ from person person0_ where person0_.username=?
Hibernate: select person0_.id as id1_1_0_, person0_.cognome as cognome2_1_0_, person0_.email as email3_1_0_, person0_.nome as nome4_1_0_, person0_.password as password5_1_0_, person0_.username as username6_1_0_ from person person0_ where person0_.id=?
Hibernate: select misurazion0_.id as id1_0_, misurazion0_.commento as commento2_0_, misurazion0_.glicemia as glicemia3_0_, misurazion0_.id_utente as id_utent4_0_, misurazion0_.insulina as insulina5_0_, misurazion0_.time as time6_0_ from misurazione misurazion0_ where misurazion0_.id_utente=?
2023-01-17 16:42:18.886  INFO 10524 --- [ null to remote] o.o.selenium.remote.ProtocolHandshake    : Detected dialect: W3C
Hibernate: select person0_.id as id1_1_, person0_.cognome as cognome2_1_, person0_.email as email3_1_, person0_.nome as nome4_1_, person0_.password as password5_1_, person0_.username as username6_1_ from person person0_
Hibernate: select person0_.id as id1_1_, person0_.cognome as cognome2_1_, person0_.email as email3_1_, person0_.nome as nome4_1_, person0_.password as password5_1_, person0_.username as username6_1_ from person person0_ where person0_.username=?
Hibernate: select person0_.id as id1_1_0_, person0_.cognome as cognome2_1_0_, person0_.email as email3_1_0_, person0_.nome as nome4_1_0_, person0_.password as password5_1_0_, person0_.username as username6_1_0_ from person person0_ where person0_.id=?
Hibernate: select misurazion0_.id as id1_0_, misurazion0_.commento as commento2_0_, misurazion0_.glicemia as glicemia3_0_, misurazion0_.id_utente as id_utent4_0_, misurazion0_.insulina as insulina5_0_, misurazion0_.time as time6_0_ from misurazione misurazion0_ where misurazion0_.id_utente=?
2023-01-17 16:42:22.587  INFO 10524 --- [ null to remote] o.o.selenium.remote.ProtocolHandshake    : Detected dialect: W3C
Hibernate: select person0_.id as id1_1_, person0_.cognome as cognome2_1_, person0_.email as email3_1_, person0_.nome as nome4_1_, person0_.password as password5_1_, person0_.username as username6_1_ from person person0_
Hibernate: select person0_.id as id1_1_, person0_.cognome as cognome2_1_, person0_.email as email3_1_, person0_.nome as nome4_1_, person0_.password as password5_1_, person0_.username as username6_1_ from person person0_ where person0_.username=?
Hibernate: select person0_.id as id1_1_0_, person0_.cognome as cognome2_1_0_, person0_.email as email3_1_0_, person0_.nome as nome4_1_0_, person0_.password as password5_1_0_, person0_.username as username6_1_0_ from person person0_ where person0_.id=?
Hibernate: select person0_.id as id1_1_0_, person0_.cognome as cognome2_1_0_, person0_.email as email3_1_0_, person0_.nome as nome4_1_0_, person0_.password as password5_1_0_, person0_.username as username6_1_0_ from person person0_ where person0_.id=?
Hibernate: select person0_.id as id1_1_0_, person0_.cognome as cognome2_1_0_, person0_.email as email3_1_0_, person0_.nome as nome4_1_0_, person0_.password as password5_1_0_, person0_.username as username6_1_0_ from person person0_ where person0_.id=?
Hibernate: select person0_.id as id1_1_, person0_.cognome as cognome2_1_, person0_.email as email3_1_, person0_.nome as nome4_1_, person0_.password as password5_1_, person0_.username as username6_1_ from person person0_ where person0_.username=?
2023-01-17 16:42:26.674  INFO 10524 --- [ null to remote] o.o.selenium.remote.ProtocolHandshake    : Detected dialect: W3C
Hibernate: select person0_.id as id1_1_, person0_.cognome as cognome2_1_, person0_.email as email3_1_, person0_.nome as nome4_1_, person0_.password as password5_1_, person0_.username as username6_1_ from person person0_
Hibernate: select person0_.id as id1_1_, person0_.cognome as cognome2_1_, person0_.email as email3_1_, person0_.nome as nome4_1_, person0_.password as password5_1_, person0_.username as username6_1_ from person person0_ where person0_.username=?
Hibernate: select person0_.id as id1_1_0_, person0_.cognome as cognome2_1_0_, person0_.email as email3_1_0_, person0_.nome as nome4_1_0_, person0_.password as password5_1_0_, person0_.username as username6_1_0_ from person person0_ where person0_.id=?
Hibernate: select person0_.id as id1_1_0_, person0_.cognome as cognome2_1_0_, person0_.email as email3_1_0_, person0_.nome as nome4_1_0_, person0_.password as password5_1_0_, person0_.username as username6_1_0_ from person person0_ where person0_.id=?
Hibernate: select person0_.id as id1_1_0_, person0_.cognome as cognome2_1_0_, person0_.email as email3_1_0_, person0_.nome as nome4_1_0_, person0_.password as password5_1_0_, person0_.username as username6_1_0_ from person person0_ where person0_.id=?
Hibernate: select person0_.id as id1_1_, person0_.cognome as cognome2_1_, person0_.email as email3_1_, person0_.nome as nome4_1_, person0_.password as password5_1_, person0_.username as username6_1_ from person person0_ where person0_.username=?
2023-01-17 16:42:30.669  INFO 10524 --- [ null to remote] o.o.selenium.remote.ProtocolHandshake    : Detected dialect: W3C
Hibernate: select person0_.id as id1_1_, person0_.cognome as cognome2_1_, person0_.email as email3_1_, person0_.nome as nome4_1_, person0_.password as password5_1_, person0_.username as username6_1_ from person person0_
Hibernate: select person0_.id as id1_1_, person0_.cognome as cognome2_1_, person0_.email as email3_1_, person0_.nome as nome4_1_, person0_.password as password5_1_, person0_.username as username6_1_ from person person0_ where person0_.username=?
Hibernate: select person0_.id as id1_1_0_, person0_.cognome as cognome2_1_0_, person0_.email as email3_1_0_, person0_.nome as nome4_1_0_, person0_.password as password5_1_0_, person0_.username as username6_1_0_ from person person0_ where person0_.id=?
Hibernate: select person0_.id as id1_1_0_, person0_.cognome as cognome2_1_0_, person0_.email as email3_1_0_, person0_.nome as nome4_1_0_, person0_.password as password5_1_0_, person0_.username as username6_1_0_ from person person0_ where person0_.id=?
Hibernate: select person0_.id as id1_1_0_, person0_.cognome as cognome2_1_0_, person0_.email as email3_1_0_, person0_.nome as nome4_1_0_, person0_.password as password5_1_0_, person0_.username as username6_1_0_ from person person0_ where person0_.id=?
Hibernate: select person0_.id as id1_1_, person0_.cognome as cognome2_1_, person0_.email as email3_1_, person0_.nome as nome4_1_, person0_.password as password5_1_, person0_.username as username6_1_ from person person0_ where person0_.username=?
2023-01-17 16:42:34.730  INFO 10524 --- [ null to remote] o.o.selenium.remote.ProtocolHandshake    : Detected dialect: W3C
Hibernate: select person0_.id as id1_1_, person0_.cognome as cognome2_1_, person0_.email as email3_1_, person0_.nome as nome4_1_, person0_.password as password5_1_, person0_.username as username6_1_ from person person0_
Hibernate: select person0_.id as id1_1_, person0_.cognome as cognome2_1_, person0_.email as email3_1_, person0_.nome as nome4_1_, person0_.password as password5_1_, person0_.username as username6_1_ from person person0_ where person0_.username=?
Hibernate: select person0_.id as id1_1_0_, person0_.cognome as cognome2_1_0_, person0_.email as email3_1_0_, person0_.nome as nome4_1_0_, person0_.password as password5_1_0_, person0_.username as username6_1_0_ from person person0_ where person0_.id=?
Hibernate: select person0_.id as id1_1_0_, person0_.cognome as cognome2_1_0_, person0_.email as email3_1_0_, person0_.nome as nome4_1_0_, person0_.password as password5_1_0_, person0_.username as username6_1_0_ from person person0_ where person0_.id=?
Hibernate: select person0_.id as id1_1_0_, person0_.cognome as cognome2_1_0_, person0_.email as email3_1_0_, person0_.nome as nome4_1_0_, person0_.password as password5_1_0_, person0_.username as username6_1_0_ from person person0_ where person0_.id=?
2023-01-17 16:42:38.823  INFO 10524 --- [ null to remote] o.o.selenium.remote.ProtocolHandshake    : Detected dialect: W3C
Hibernate: select person0_.id as id1_1_, person0_.cognome as cognome2_1_, person0_.email as email3_1_, person0_.nome as nome4_1_, person0_.password as password5_1_, person0_.username as username6_1_ from person person0_
Hibernate: select person0_.id as id1_1_, person0_.cognome as cognome2_1_, person0_.email as email3_1_, person0_.nome as nome4_1_, person0_.password as password5_1_, person0_.username as username6_1_ from person person0_ where person0_.username=?
Hibernate: select person0_.id as id1_1_0_, person0_.cognome as cognome2_1_0_, person0_.email as email3_1_0_, person0_.nome as nome4_1_0_, person0_.password as password5_1_0_, person0_.username as username6_1_0_ from person person0_ where person0_.id=?
Hibernate: select person0_.id as id1_1_0_, person0_.cognome as cognome2_1_0_, person0_.email as email3_1_0_, person0_.nome as nome4_1_0_, person0_.password as password5_1_0_, person0_.username as username6_1_0_ from person person0_ where person0_.id=?
Hibernate: select person0_.id as id1_1_0_, person0_.cognome as cognome2_1_0_, person0_.email as email3_1_0_, person0_.nome as nome4_1_0_, person0_.password as password5_1_0_, person0_.username as username6_1_0_ from person person0_ where person0_.id=?
Hibernate: select person0_.id as id1_1_, person0_.cognome as cognome2_1_, person0_.email as email3_1_, person0_.nome as nome4_1_, person0_.password as password5_1_, person0_.username as username6_1_ from person person0_ where person0_.username=?
2023-01-17 16:42:42.839  INFO 10524 --- [ null to remote] o.o.selenium.remote.ProtocolHandshake    : Detected dialect: W3C
Hibernate: select person0_.id as id1_1_, person0_.cognome as cognome2_1_, person0_.email as email3_1_, person0_.nome as nome4_1_, person0_.password as password5_1_, person0_.username as username6_1_ from person person0_
Hibernate: select person0_.id as id1_1_, person0_.cognome as cognome2_1_, person0_.email as email3_1_, person0_.nome as nome4_1_, person0_.password as password5_1_, person0_.username as username6_1_ from person person0_ where person0_.username=?
Hibernate: select person0_.id as id1_1_0_, person0_.cognome as cognome2_1_0_, person0_.email as email3_1_0_, person0_.nome as nome4_1_0_, person0_.password as password5_1_0_, person0_.username as username6_1_0_ from person person0_ where person0_.id=?
Hibernate: select person0_.id as id1_1_0_, person0_.cognome as cognome2_1_0_, person0_.email as email3_1_0_, person0_.nome as nome4_1_0_, person0_.password as password5_1_0_, person0_.username as username6_1_0_ from person person0_ where person0_.id=?
Hibernate: select person0_.id as id1_1_0_, person0_.cognome as cognome2_1_0_, person0_.email as email3_1_0_, person0_.nome as nome4_1_0_, person0_.password as password5_1_0_, person0_.username as username6_1_0_ from person person0_ where person0_.id=?
Hibernate: select person0_.id as id1_1_, person0_.cognome as cognome2_1_, person0_.email as email3_1_, person0_.nome as nome4_1_, person0_.password as password5_1_, person0_.username as username6_1_ from person person0_ where person0_.username=?
2023-01-17 16:42:46.939  INFO 10524 --- [ null to remote] o.o.selenium.remote.ProtocolHandshake    : Detected dialect: W3C
Hibernate: select person0_.id as id1_1_, person0_.cognome as cognome2_1_, person0_.email as email3_1_, person0_.nome as nome4_1_, person0_.password as password5_1_, person0_.username as username6_1_ from person person0_
Hibernate: select person0_.id as id1_1_, person0_.cognome as cognome2_1_, person0_.email as email3_1_, person0_.nome as nome4_1_, person0_.password as password5_1_, person0_.username as username6_1_ from person person0_ where person0_.username=?
Hibernate: select person0_.id as id1_1_0_, person0_.cognome as cognome2_1_0_, person0_.email as email3_1_0_, person0_.nome as nome4_1_0_, person0_.password as password5_1_0_, person0_.username as username6_1_0_ from person person0_ where person0_.id=?
Hibernate: select person0_.id as id1_1_0_, person0_.cognome as cognome2_1_0_, person0_.email as email3_1_0_, person0_.nome as nome4_1_0_, person0_.password as password5_1_0_, person0_.username as username6_1_0_ from person person0_ where person0_.id=?
Hibernate: select person0_.id as id1_1_0_, person0_.cognome as cognome2_1_0_, person0_.email as email3_1_0_, person0_.nome as nome4_1_0_, person0_.password as password5_1_0_, person0_.username as username6_1_0_ from person person0_ where person0_.id=?
Hibernate: select person0_.id as id1_1_, person0_.cognome as cognome2_1_, person0_.email as email3_1_, person0_.nome as nome4_1_, person0_.password as password5_1_, person0_.username as username6_1_ from person person0_ where person0_.username=?
Hibernate: delete from person where id=?
Hibernate: call next value for hibernate_sequence
Hibernate: insert into person (cognome, email, nome, password, username, id) values (?, ?, ?, ?, ?, ?)
Hibernate: select misurazion0_.id as id1_0_, misurazion0_.commento as commento2_0_, misurazion0_.glicemia as glicemia3_0_, misurazion0_.id_utente as id_utent4_0_, misurazion0_.insulina as insulina5_0_, misurazion0_.time as time6_0_ from misurazione misurazion0_ where misurazion0_.id_utente=?
2023-01-17 16:42:51.015  INFO 10524 --- [ null to remote] o.o.selenium.remote.ProtocolHandshake    : Detected dialect: W3C
Hibernate: select person0_.id as id1_1_, person0_.cognome as cognome2_1_, person0_.email as email3_1_, person0_.nome as nome4_1_, person0_.password as password5_1_, person0_.username as username6_1_ from person person0_
Hibernate: select person0_.id as id1_1_, person0_.cognome as cognome2_1_, person0_.email as email3_1_, person0_.nome as nome4_1_, person0_.password as password5_1_, person0_.username as username6_1_ from person person0_ where person0_.username=?
Hibernate: select person0_.id as id1_1_0_, person0_.cognome as cognome2_1_0_, person0_.email as email3_1_0_, person0_.nome as nome4_1_0_, person0_.password as password5_1_0_, person0_.username as username6_1_0_ from person person0_ where person0_.id=?
Hibernate: select person0_.id as id1_1_0_, person0_.cognome as cognome2_1_0_, person0_.email as email3_1_0_, person0_.nome as nome4_1_0_, person0_.password as password5_1_0_, person0_.username as username6_1_0_ from person person0_ where person0_.id=?
Hibernate: select person0_.id as id1_1_0_, person0_.cognome as cognome2_1_0_, person0_.email as email3_1_0_, person0_.nome as nome4_1_0_, person0_.password as password5_1_0_, person0_.username as username6_1_0_ from person person0_ where person0_.id=?
Hibernate: select person0_.id as id1_1_, person0_.cognome as cognome2_1_, person0_.email as email3_1_, person0_.nome as nome4_1_, person0_.password as password5_1_, person0_.username as username6_1_ from person person0_ where person0_.username=?
Hibernate: delete from person where id=?
Hibernate: call next value for hibernate_sequence
Hibernate: insert into person (cognome, email, nome, password, username, id) values (?, ?, ?, ?, ?, ?)
Hibernate: select misurazion0_.id as id1_0_, misurazion0_.commento as commento2_0_, misurazion0_.glicemia as glicemia3_0_, misurazion0_.id_utente as id_utent4_0_, misurazion0_.insulina as insulina5_0_, misurazion0_.time as time6_0_ from misurazione misurazion0_ where misurazion0_.id_utente=?
2023-01-17 16:42:55.090  INFO 10524 --- [ null to remote] o.o.selenium.remote.ProtocolHandshake    : Detected dialect: W3C
Hibernate: select person0_.id as id1_1_, person0_.cognome as cognome2_1_, person0_.email as email3_1_, person0_.nome as nome4_1_, person0_.password as password5_1_, person0_.username as username6_1_ from person person0_
Hibernate: select person0_.id as id1_1_, person0_.cognome as cognome2_1_, person0_.email as email3_1_, person0_.nome as nome4_1_, person0_.password as password5_1_, person0_.username as username6_1_ from person person0_ where person0_.username=?
Hibernate: select person0_.id as id1_1_0_, person0_.cognome as cognome2_1_0_, person0_.email as email3_1_0_, person0_.nome as nome4_1_0_, person0_.password as password5_1_0_, person0_.username as username6_1_0_ from person person0_ where person0_.id=?
Hibernate: select person0_.id as id1_1_0_, person0_.cognome as cognome2_1_0_, person0_.email as email3_1_0_, person0_.nome as nome4_1_0_, person0_.password as password5_1_0_, person0_.username as username6_1_0_ from person person0_ where person0_.id=?
Hibernate: select person0_.id as id1_1_0_, person0_.cognome as cognome2_1_0_, person0_.email as email3_1_0_, person0_.nome as nome4_1_0_, person0_.password as password5_1_0_, person0_.username as username6_1_0_ from person person0_ where person0_.id=?
2023-01-17 16:42:59.199  INFO 10524 --- [ null to remote] o.o.selenium.remote.ProtocolHandshake    : Detected dialect: W3C
Hibernate: select person0_.id as id1_1_, person0_.cognome as cognome2_1_, person0_.email as email3_1_, person0_.nome as nome4_1_, person0_.password as password5_1_, person0_.username as username6_1_ from person person0_
Hibernate: select person0_.id as id1_1_, person0_.cognome as cognome2_1_, person0_.email as email3_1_, person0_.nome as nome4_1_, person0_.password as password5_1_, person0_.username as username6_1_ from person person0_ where person0_.username=?
Hibernate: select person0_.id as id1_1_0_, person0_.cognome as cognome2_1_0_, person0_.email as email3_1_0_, person0_.nome as nome4_1_0_, person0_.password as password5_1_0_, person0_.username as username6_1_0_ from person person0_ where person0_.id=?
Hibernate: select misurazion0_.id as id1_0_, misurazion0_.commento as commento2_0_, misurazion0_.glicemia as glicemia3_0_, misurazion0_.id_utente as id_utent4_0_, misurazion0_.insulina as insulina5_0_, misurazion0_.time as time6_0_ from misurazione misurazion0_ where misurazion0_.id_utente=?
Hibernate: select person0_.id as id1_1_0_, person0_.cognome as cognome2_1_0_, person0_.email as email3_1_0_, person0_.nome as nome4_1_0_, person0_.password as password5_1_0_, person0_.username as username6_1_0_ from person person0_ where person0_.id=?
Hibernate: select misurazion0_.id as id1_0_, misurazion0_.commento as commento2_0_, misurazion0_.glicemia as glicemia3_0_, misurazion0_.id_utente as id_utent4_0_, misurazion0_.insulina as insulina5_0_, misurazion0_.time as time6_0_ from misurazione misurazion0_ where misurazion0_.id_utente=?
2023-01-17 16:43:03.328  INFO 10524 --- [ null to remote] o.o.selenium.remote.ProtocolHandshake    : Detected dialect: W3C
Hibernate: select person0_.id as id1_1_, person0_.cognome as cognome2_1_, person0_.email as email3_1_, person0_.nome as nome4_1_, person0_.password as password5_1_, person0_.username as username6_1_ from person person0_
Hibernate: select person0_.id as id1_1_, person0_.cognome as cognome2_1_, person0_.email as email3_1_, person0_.nome as nome4_1_, person0_.password as password5_1_, person0_.username as username6_1_ from person person0_ where person0_.username=?
Hibernate: select person0_.id as id1_1_0_, person0_.cognome as cognome2_1_0_, person0_.email as email3_1_0_, person0_.nome as nome4_1_0_, person0_.password as password5_1_0_, person0_.username as username6_1_0_ from person person0_ where person0_.id=?
Hibernate: select misurazion0_.id as id1_0_, misurazion0_.commento as commento2_0_, misurazion0_.glicemia as glicemia3_0_, misurazion0_.id_utente as id_utent4_0_, misurazion0_.insulina as insulina5_0_, misurazion0_.time as time6_0_ from misurazione misurazion0_ where misurazion0_.id_utente=?
Hibernate: select person0_.id as id1_1_0_, person0_.cognome as cognome2_1_0_, person0_.email as email3_1_0_, person0_.nome as nome4_1_0_, person0_.password as password5_1_0_, person0_.username as username6_1_0_ from person person0_ where person0_.id=?
Hibernate: select misurazion0_.id as id1_0_, misurazion0_.commento as commento2_0_, misurazion0_.glicemia as glicemia3_0_, misurazion0_.id_utente as id_utent4_0_, misurazion0_.insulina as insulina5_0_, misurazion0_.time as time6_0_ from misurazione misurazion0_ where misurazion0_.id_utente=?
2023-01-17 16:43:07.433  INFO 10524 --- [ null to remote] o.o.selenium.remote.ProtocolHandshake    : Detected dialect: W3C
Hibernate: select person0_.id as id1_1_, person0_.cognome as cognome2_1_, person0_.email as email3_1_, person0_.nome as nome4_1_, person0_.password as password5_1_, person0_.username as username6_1_ from person person0_
Hibernate: select person0_.id as id1_1_, person0_.cognome as cognome2_1_, person0_.email as email3_1_, person0_.nome as nome4_1_, person0_.password as password5_1_, person0_.username as username6_1_ from person person0_ where person0_.username=?
Hibernate: select person0_.id as id1_1_0_, person0_.cognome as cognome2_1_0_, person0_.email as email3_1_0_, person0_.nome as nome4_1_0_, person0_.password as password5_1_0_, person0_.username as username6_1_0_ from person person0_ where person0_.id=?
Hibernate: select misurazion0_.id as id1_0_, misurazion0_.commento as commento2_0_, misurazion0_.glicemia as glicemia3_0_, misurazion0_.id_utente as id_utent4_0_, misurazion0_.insulina as insulina5_0_, misurazion0_.time as time6_0_ from misurazione misurazion0_ where misurazion0_.id_utente=?
Hibernate: select person0_.id as id1_1_0_, person0_.cognome as cognome2_1_0_, person0_.email as email3_1_0_, person0_.nome as nome4_1_0_, person0_.password as password5_1_0_, person0_.username as username6_1_0_ from person person0_ where person0_.id=?
Hibernate: select misurazion0_.id as id1_0_, misurazion0_.commento as commento2_0_, misurazion0_.glicemia as glicemia3_0_, misurazion0_.id_utente as id_utent4_0_, misurazion0_.insulina as insulina5_0_, misurazion0_.time as time6_0_ from misurazione misurazion0_ where misurazion0_.id_utente=?
2023-01-17 16:43:11.631  INFO 10524 --- [ null to remote] o.o.selenium.remote.ProtocolHandshake    : Detected dialect: W3C
Hibernate: select person0_.id as id1_1_, person0_.cognome as cognome2_1_, person0_.email as email3_1_, person0_.nome as nome4_1_, person0_.password as password5_1_, person0_.username as username6_1_ from person person0_
Hibernate: select person0_.id as id1_1_, person0_.cognome as cognome2_1_, person0_.email as email3_1_, person0_.nome as nome4_1_, person0_.password as password5_1_, person0_.username as username6_1_ from person person0_ where person0_.username=?
Hibernate: select person0_.id as id1_1_0_, person0_.cognome as cognome2_1_0_, person0_.email as email3_1_0_, person0_.nome as nome4_1_0_, person0_.password as password5_1_0_, person0_.username as username6_1_0_ from person person0_ where person0_.id=?
Hibernate: select misurazion0_.id as id1_0_, misurazion0_.commento as commento2_0_, misurazion0_.glicemia as glicemia3_0_, misurazion0_.id_utente as id_utent4_0_, misurazion0_.insulina as insulina5_0_, misurazion0_.time as time6_0_ from misurazione misurazion0_ where misurazion0_.id_utente=?
Hibernate: select person0_.id as id1_1_0_, person0_.cognome as cognome2_1_0_, person0_.email as email3_1_0_, person0_.nome as nome4_1_0_, person0_.password as password5_1_0_, person0_.username as username6_1_0_ from person person0_ where person0_.id=?
Hibernate: select misurazion0_.id as id1_0_, misurazion0_.commento as commento2_0_, misurazion0_.glicemia as glicemia3_0_, misurazion0_.id_utente as id_utent4_0_, misurazion0_.insulina as insulina5_0_, misurazion0_.time as time6_0_ from misurazione misurazion0_ where misurazion0_.id_utente=?
2023-01-17 16:43:15.810  INFO 10524 --- [ null to remote] o.o.selenium.remote.ProtocolHandshake    : Detected dialect: W3C
Hibernate: select person0_.id as id1_1_, person0_.cognome as cognome2_1_, person0_.email as email3_1_, person0_.nome as nome4_1_, person0_.password as password5_1_, person0_.username as username6_1_ from person person0_
Hibernate: select person0_.id as id1_1_, person0_.cognome as cognome2_1_, person0_.email as email3_1_, person0_.nome as nome4_1_, person0_.password as password5_1_, person0_.username as username6_1_ from person person0_ where person0_.username=?
Hibernate: select person0_.id as id1_1_0_, person0_.cognome as cognome2_1_0_, person0_.email as email3_1_0_, person0_.nome as nome4_1_0_, person0_.password as password5_1_0_, person0_.username as username6_1_0_ from person person0_ where person0_.id=?
Hibernate: select misurazion0_.id as id1_0_, misurazion0_.commento as commento2_0_, misurazion0_.glicemia as glicemia3_0_, misurazion0_.id_utente as id_utent4_0_, misurazion0_.insulina as insulina5_0_, misurazion0_.time as time6_0_ from misurazione misurazion0_ where misurazion0_.id_utente=?
Hibernate: select person0_.id as id1_1_0_, person0_.cognome as cognome2_1_0_, person0_.email as email3_1_0_, person0_.nome as nome4_1_0_, person0_.password as password5_1_0_, person0_.username as username6_1_0_ from person person0_ where person0_.id=?
Hibernate: select misurazion0_.id as id1_0_, misurazion0_.commento as commento2_0_, misurazion0_.glicemia as glicemia3_0_, misurazion0_.id_utente as id_utent4_0_, misurazion0_.insulina as insulina5_0_, misurazion0_.time as time6_0_ from misurazione misurazion0_ where misurazion0_.id_utente=?
2023-01-17 16:43:19.917  INFO 10524 --- [ null to remote] o.o.selenium.remote.ProtocolHandshake    : Detected dialect: W3C
Hibernate: select person0_.id as id1_1_, person0_.cognome as cognome2_1_, person0_.email as email3_1_, person0_.nome as nome4_1_, person0_.password as password5_1_, person0_.username as username6_1_ from person person0_
Hibernate: select person0_.id as id1_1_, person0_.cognome as cognome2_1_, person0_.email as email3_1_, person0_.nome as nome4_1_, person0_.password as password5_1_, person0_.username as username6_1_ from person person0_ where person0_.username=?
Hibernate: select person0_.id as id1_1_0_, person0_.cognome as cognome2_1_0_, person0_.email as email3_1_0_, person0_.nome as nome4_1_0_, person0_.password as password5_1_0_, person0_.username as username6_1_0_ from person person0_ where person0_.id=?
Hibernate: select misurazion0_.id as id1_0_, misurazion0_.commento as commento2_0_, misurazion0_.glicemia as glicemia3_0_, misurazion0_.id_utente as id_utent4_0_, misurazion0_.insulina as insulina5_0_, misurazion0_.time as time6_0_ from misurazione misurazion0_ where misurazion0_.id_utente=?
Hibernate: select person0_.id as id1_1_0_, person0_.cognome as cognome2_1_0_, person0_.email as email3_1_0_, person0_.nome as nome4_1_0_, person0_.password as password5_1_0_, person0_.username as username6_1_0_ from person person0_ where person0_.id=?
Hibernate: select misurazion0_.id as id1_0_, misurazion0_.commento as commento2_0_, misurazion0_.glicemia as glicemia3_0_, misurazion0_.id_utente as id_utent4_0_, misurazion0_.insulina as insulina5_0_, misurazion0_.time as time6_0_ from misurazione misurazion0_ where misurazion0_.id_utente=?
2023-01-17 16:43:24.051  INFO 10524 --- [ null to remote] o.o.selenium.remote.ProtocolHandshake    : Detected dialect: W3C
Hibernate: select person0_.id as id1_1_, person0_.cognome as cognome2_1_, person0_.email as email3_1_, person0_.nome as nome4_1_, person0_.password as password5_1_, person0_.username as username6_1_ from person person0_
Hibernate: select person0_.id as id1_1_, person0_.cognome as cognome2_1_, person0_.email as email3_1_, person0_.nome as nome4_1_, person0_.password as password5_1_, person0_.username as username6_1_ from person person0_ where person0_.username=?
Hibernate: select person0_.id as id1_1_0_, person0_.cognome as cognome2_1_0_, person0_.email as email3_1_0_, person0_.nome as nome4_1_0_, person0_.password as password5_1_0_, person0_.username as username6_1_0_ from person person0_ where person0_.id=?
Hibernate: select misurazion0_.id as id1_0_, misurazion0_.commento as commento2_0_, misurazion0_.glicemia as glicemia3_0_, misurazion0_.id_utente as id_utent4_0_, misurazion0_.insulina as insulina5_0_, misurazion0_.time as time6_0_ from misurazione misurazion0_ where misurazion0_.id_utente=?
Hibernate: select person0_.id as id1_1_0_, person0_.cognome as cognome2_1_0_, person0_.email as email3_1_0_, person0_.nome as nome4_1_0_, person0_.password as password5_1_0_, person0_.username as username6_1_0_ from person person0_ where person0_.id=?
Hibernate: select misurazion0_.id as id1_0_, misurazion0_.commento as commento2_0_, misurazion0_.glicemia as glicemia3_0_, misurazion0_.id_utente as id_utent4_0_, misurazion0_.insulina as insulina5_0_, misurazion0_.time as time6_0_ from misurazione misurazion0_ where misurazion0_.id_utente=?
2023-01-17 16:43:28.107  INFO 10524 --- [ null to remote] o.o.selenium.remote.ProtocolHandshake    : Detected dialect: W3C
Hibernate: select person0_.id as id1_1_, person0_.cognome as cognome2_1_, person0_.email as email3_1_, person0_.nome as nome4_1_, person0_.password as password5_1_, person0_.username as username6_1_ from person person0_
Hibernate: select person0_.id as id1_1_, person0_.cognome as cognome2_1_, person0_.email as email3_1_, person0_.nome as nome4_1_, person0_.password as password5_1_, person0_.username as username6_1_ from person person0_ where person0_.username=?
Hibernate: select person0_.id as id1_1_0_, person0_.cognome as cognome2_1_0_, person0_.email as email3_1_0_, person0_.nome as nome4_1_0_, person0_.password as password5_1_0_, person0_.username as username6_1_0_ from person person0_ where person0_.id=?
Hibernate: select misurazion0_.id as id1_0_, misurazion0_.commento as commento2_0_, misurazion0_.glicemia as glicemia3_0_, misurazion0_.id_utente as id_utent4_0_, misurazion0_.insulina as insulina5_0_, misurazion0_.time as time6_0_ from misurazione misurazion0_ where misurazion0_.id_utente=?
Hibernate: select person0_.id as id1_1_0_, person0_.cognome as cognome2_1_0_, person0_.email as email3_1_0_, person0_.nome as nome4_1_0_, person0_.password as password5_1_0_, person0_.username as username6_1_0_ from person person0_ where person0_.id=?
Hibernate: call next value for hibernate_sequence
Hibernate: insert into misurazione (commento, glicemia, id_utente, insulina, time, id) values (?, ?, ?, ?, ?, ?)
Hibernate: select misurazion0_.id as id1_0_, misurazion0_.commento as commento2_0_, misurazion0_.glicemia as glicemia3_0_, misurazion0_.id_utente as id_utent4_0_, misurazion0_.insulina as insulina5_0_, misurazion0_.time as time6_0_ from misurazione misurazion0_ where misurazion0_.id_utente=?
2023-01-17 16:43:32.247  INFO 10524 --- [ null to remote] o.o.selenium.remote.ProtocolHandshake    : Detected dialect: W3C
Hibernate: select person0_.id as id1_1_, person0_.cognome as cognome2_1_, person0_.email as email3_1_, person0_.nome as nome4_1_, person0_.password as password5_1_, person0_.username as username6_1_ from person person0_
Hibernate: select person0_.id as id1_1_, person0_.cognome as cognome2_1_, person0_.email as email3_1_, person0_.nome as nome4_1_, person0_.password as password5_1_, person0_.username as username6_1_ from person person0_ where person0_.username=?
Hibernate: select person0_.id as id1_1_0_, person0_.cognome as cognome2_1_0_, person0_.email as email3_1_0_, person0_.nome as nome4_1_0_, person0_.password as password5_1_0_, person0_.username as username6_1_0_ from person person0_ where person0_.id=?
Hibernate: select misurazion0_.id as id1_0_, misurazion0_.commento as commento2_0_, misurazion0_.glicemia as glicemia3_0_, misurazion0_.id_utente as id_utent4_0_, misurazion0_.insulina as insulina5_0_, misurazion0_.time as time6_0_ from misurazione misurazion0_ where misurazion0_.id_utente=?
Hibernate: select person0_.id as id1_1_0_, person0_.cognome as cognome2_1_0_, person0_.email as email3_1_0_, person0_.nome as nome4_1_0_, person0_.password as password5_1_0_, person0_.username as username6_1_0_ from person person0_ where person0_.id=?
2023-01-17 16:43:35.913  INFO 10524 --- [ null to remote] o.o.selenium.remote.ProtocolHandshake    : Detected dialect: W3C
Hibernate: select person0_.id as id1_1_, person0_.cognome as cognome2_1_, person0_.email as email3_1_, person0_.nome as nome4_1_, person0_.password as password5_1_, person0_.username as username6_1_ from person person0_
Hibernate: select person0_.id as id1_1_, person0_.cognome as cognome2_1_, person0_.email as email3_1_, person0_.nome as nome4_1_, person0_.password as password5_1_, person0_.username as username6_1_ from person person0_ where person0_.username=?
Hibernate: select person0_.id as id1_1_0_, person0_.cognome as cognome2_1_0_, person0_.email as email3_1_0_, person0_.nome as nome4_1_0_, person0_.password as password5_1_0_, person0_.username as username6_1_0_ from person person0_ where person0_.id=?
Hibernate: select misurazion0_.id as id1_0_, misurazion0_.commento as commento2_0_, misurazion0_.glicemia as glicemia3_0_, misurazion0_.id_utente as id_utent4_0_, misurazion0_.insulina as insulina5_0_, misurazion0_.time as time6_0_ from misurazione misurazion0_ where misurazion0_.id_utente=?
Hibernate: select person0_.id as id1_1_0_, person0_.cognome as cognome2_1_0_, person0_.email as email3_1_0_, person0_.nome as nome4_1_0_, person0_.password as password5_1_0_, person0_.username as username6_1_0_ from person person0_ where person0_.id=?
Hibernate: select misurazion0_.id as id1_0_0_, misurazion0_.commento as commento2_0_0_, misurazion0_.glicemia as glicemia3_0_0_, misurazion0_.id_utente as id_utent4_0_0_, misurazion0_.insulina as insulina5_0_0_, misurazion0_.time as time6_0_0_ from misurazione misurazion0_ where misurazion0_.id=?
Hibernate: delete from misurazione where id=?
Hibernate: select misurazion0_.id as id1_0_, misurazion0_.commento as commento2_0_, misurazion0_.glicemia as glicemia3_0_, misurazion0_.id_utente as id_utent4_0_, misurazion0_.insulina as insulina5_0_, misurazion0_.time as time6_0_ from misurazione misurazion0_ where misurazion0_.id_utente=?
2023-01-17 16:43:39.755  INFO 10524 --- [ null to remote] o.o.selenium.remote.ProtocolHandshake    : Detected dialect: W3C
Hibernate: select person0_.id as id1_1_, person0_.cognome as cognome2_1_, person0_.email as email3_1_, person0_.nome as nome4_1_, person0_.password as password5_1_, person0_.username as username6_1_ from person person0_
Hibernate: select person0_.id as id1_1_, person0_.cognome as cognome2_1_, person0_.email as email3_1_, person0_.nome as nome4_1_, person0_.password as password5_1_, person0_.username as username6_1_ from person person0_ where person0_.username=?
Hibernate: select person0_.id as id1_1_0_, person0_.cognome as cognome2_1_0_, person0_.email as email3_1_0_, person0_.nome as nome4_1_0_, person0_.password as password5_1_0_, person0_.username as username6_1_0_ from person person0_ where person0_.id=?
Hibernate: select misurazion0_.id as id1_0_, misurazion0_.commento as commento2_0_, misurazion0_.glicemia as glicemia3_0_, misurazion0_.id_utente as id_utent4_0_, misurazion0_.insulina as insulina5_0_, misurazion0_.time as time6_0_ from misurazione misurazion0_ where misurazion0_.id_utente=?
Hibernate: select person0_.id as id1_1_0_, person0_.cognome as cognome2_1_0_, person0_.email as email3_1_0_, person0_.nome as nome4_1_0_, person0_.password as password5_1_0_, person0_.username as username6_1_0_ from person person0_ where person0_.id=?
Hibernate: call next value for hibernate_sequence
Hibernate: insert into misurazione (commento, glicemia, id_utente, insulina, time, id) values (?, ?, ?, ?, ?, ?)
Hibernate: select misurazion0_.id as id1_0_, misurazion0_.commento as commento2_0_, misurazion0_.glicemia as glicemia3_0_, misurazion0_.id_utente as id_utent4_0_, misurazion0_.insulina as insulina5_0_, misurazion0_.time as time6_0_ from misurazione misurazion0_ where misurazion0_.id_utente=?
Hibernate: select person0_.id as id1_1_, person0_.cognome as cognome2_1_, person0_.email as email3_1_, person0_.nome as nome4_1_, person0_.password as password5_1_, person0_.username as username6_1_ from person person0_
Hibernate: select person0_.id as id1_1_, person0_.cognome as cognome2_1_, person0_.email as email3_1_, person0_.nome as nome4_1_, person0_.password as password5_1_, person0_.username as username6_1_ from person person0_ where person0_.username=?
Hibernate: select person0_.id as id1_1_0_, person0_.cognome as cognome2_1_0_, person0_.email as email3_1_0_, person0_.nome as nome4_1_0_, person0_.password as password5_1_0_, person0_.username as username6_1_0_ from person person0_ where person0_.id=?
Hibernate: select misurazion0_.id as id1_0_, misurazion0_.commento as commento2_0_, misurazion0_.glicemia as glicemia3_0_, misurazion0_.id_utente as id_utent4_0_, misurazion0_.insulina as insulina5_0_, misurazion0_.time as time6_0_ from misurazione misurazion0_ where misurazion0_.id_utente=?
Hibernate: select person0_.id as id1_1_0_, person0_.cognome as cognome2_1_0_, person0_.email as email3_1_0_, person0_.nome as nome4_1_0_, person0_.password as password5_1_0_, person0_.username as username6_1_0_ from person person0_ where person0_.id=?
Hibernate: select misurazion0_.id as id1_0_, misurazion0_.commento as commento2_0_, misurazion0_.glicemia as glicemia3_0_, misurazion0_.id_utente as id_utent4_0_, misurazion0_.insulina as insulina5_0_, misurazion0_.time as time6_0_ from misurazione misurazion0_ where misurazion0_.id_utente=?
Hibernate: delete from misurazione where id=?
2023-01-17 16:43:44.597  INFO 10524 --- [ null to remote] o.o.selenium.remote.ProtocolHandshake    : Detected dialect: W3C
Hibernate: select person0_.id as id1_1_, person0_.cognome as cognome2_1_, person0_.email as email3_1_, person0_.nome as nome4_1_, person0_.password as password5_1_, person0_.username as username6_1_ from person person0_
Hibernate: select person0_.id as id1_1_, person0_.cognome as cognome2_1_, person0_.email as email3_1_, person0_.nome as nome4_1_, person0_.password as password5_1_, person0_.username as username6_1_ from person person0_ where person0_.username=?
Hibernate: select person0_.id as id1_1_0_, person0_.cognome as cognome2_1_0_, person0_.email as email3_1_0_, person0_.nome as nome4_1_0_, person0_.password as password5_1_0_, person0_.username as username6_1_0_ from person person0_ where person0_.id=?
Hibernate: select misurazion0_.id as id1_0_, misurazion0_.commento as commento2_0_, misurazion0_.glicemia as glicemia3_0_, misurazion0_.id_utente as id_utent4_0_, misurazion0_.insulina as insulina5_0_, misurazion0_.time as time6_0_ from misurazione misurazion0_ where misurazion0_.id_utente=?
Hibernate: select person0_.id as id1_1_0_, person0_.cognome as cognome2_1_0_, person0_.email as email3_1_0_, person0_.nome as nome4_1_0_, person0_.password as password5_1_0_, person0_.username as username6_1_0_ from person person0_ where person0_.id=?
Hibernate: call next value for hibernate_sequence
Hibernate: insert into misurazione (commento, glicemia, id_utente, insulina, time, id) values (?, ?, ?, ?, ?, ?)
Hibernate: select misurazion0_.id as id1_0_, misurazion0_.commento as commento2_0_, misurazion0_.glicemia as glicemia3_0_, misurazion0_.id_utente as id_utent4_0_, misurazion0_.insulina as insulina5_0_, misurazion0_.time as time6_0_ from misurazione misurazion0_ where misurazion0_.id_utente=?
Hibernate: select person0_.id as id1_1_, person0_.cognome as cognome2_1_, person0_.email as email3_1_, person0_.nome as nome4_1_, person0_.password as password5_1_, person0_.username as username6_1_ from person person0_
Hibernate: select person0_.id as id1_1_, person0_.cognome as cognome2_1_, person0_.email as email3_1_, person0_.nome as nome4_1_, person0_.password as password5_1_, person0_.username as username6_1_ from person person0_ where person0_.username=?
Hibernate: select person0_.id as id1_1_0_, person0_.cognome as cognome2_1_0_, person0_.email as email3_1_0_, person0_.nome as nome4_1_0_, person0_.password as password5_1_0_, person0_.username as username6_1_0_ from person person0_ where person0_.id=?
Hibernate: select misurazion0_.id as id1_0_, misurazion0_.commento as commento2_0_, misurazion0_.glicemia as glicemia3_0_, misurazion0_.id_utente as id_utent4_0_, misurazion0_.insulina as insulina5_0_, misurazion0_.time as time6_0_ from misurazione misurazion0_ where misurazion0_.id_utente=?
Hibernate: select person0_.id as id1_1_0_, person0_.cognome as cognome2_1_0_, person0_.email as email3_1_0_, person0_.nome as nome4_1_0_, person0_.password as password5_1_0_, person0_.username as username6_1_0_ from person person0_ where person0_.id=?
2023-01-17 16:43:49.422  INFO 10524 --- [ null to remote] o.o.selenium.remote.ProtocolHandshake    : Detected dialect: W3C
Hibernate: select person0_.id as id1_1_, person0_.cognome as cognome2_1_, person0_.email as email3_1_, person0_.nome as nome4_1_, person0_.password as password5_1_, person0_.username as username6_1_ from person person0_
Hibernate: select person0_.id as id1_1_, person0_.cognome as cognome2_1_, person0_.email as email3_1_, person0_.nome as nome4_1_, person0_.password as password5_1_, person0_.username as username6_1_ from person person0_ where person0_.username=?
2023-01-17 16:43:52.898  INFO 10524 --- [ null to remote] o.o.selenium.remote.ProtocolHandshake    : Detected dialect: W3C
Hibernate: select person0_.id as id1_1_, person0_.cognome as cognome2_1_, person0_.email as email3_1_, person0_.nome as nome4_1_, person0_.password as password5_1_, person0_.username as username6_1_ from person person0_
Hibernate: select person0_.id as id1_1_, person0_.cognome as cognome2_1_, person0_.email as email3_1_, person0_.nome as nome4_1_, person0_.password as password5_1_, person0_.username as username6_1_ from person person0_ where person0_.username=?
Hibernate: select person0_.id as id1_1_0_, person0_.cognome as cognome2_1_0_, person0_.email as email3_1_0_, person0_.nome as nome4_1_0_, person0_.password as password5_1_0_, person0_.username as username6_1_0_ from person person0_ where person0_.id=?
Hibernate: select person0_.id as id1_1_0_, person0_.cognome as cognome2_1_0_, person0_.email as email3_1_0_, person0_.nome as nome4_1_0_, person0_.password as password5_1_0_, person0_.username as username6_1_0_ from person person0_ where person0_.id=?
Hibernate: delete from person where id=?
Hibernate: select person0_.id as id1_1_, person0_.cognome as cognome2_1_, person0_.email as email3_1_, person0_.nome as nome4_1_, person0_.password as password5_1_, person0_.username as username6_1_ from person person0_ where person0_.username=?
2023-01-17 16:43:56.907  INFO 10524 --- [ null to remote] o.o.selenium.remote.ProtocolHandshake    : Detected dialect: W3C
Hibernate: select person0_.id as id1_1_, person0_.cognome as cognome2_1_, person0_.email as email3_1_, person0_.nome as nome4_1_, person0_.password as password5_1_, person0_.username as username6_1_ from person person0_
Hibernate: select person0_.id as id1_1_, person0_.cognome as cognome2_1_, person0_.email as email3_1_, person0_.nome as nome4_1_, person0_.password as password5_1_, person0_.username as username6_1_ from person person0_ where person0_.username=?
Hibernate: select person0_.id as id1_1_0_, person0_.cognome as cognome2_1_0_, person0_.email as email3_1_0_, person0_.nome as nome4_1_0_, person0_.password as password5_1_0_, person0_.username as username6_1_0_ from person person0_ where person0_.id=?
Hibernate: select person0_.id as id1_1_0_, person0_.cognome as cognome2_1_0_, person0_.email as email3_1_0_, person0_.nome as nome4_1_0_, person0_.password as password5_1_0_, person0_.username as username6_1_0_ from person person0_ where person0_.id=?
Hibernate: delete from person where id=?
Hibernate: select person0_.id as id1_1_, person0_.cognome as cognome2_1_, person0_.email as email3_1_, person0_.nome as nome4_1_, person0_.password as password5_1_, person0_.username as username6_1_ from person person0_ where person0_.username=?
2023-01-17 16:44:00.796  INFO 10524 --- [ null to remote] o.o.selenium.remote.ProtocolHandshake    : Detected dialect: W3C
2023-01-17 16:44:03.091  INFO 10524 --- [ null to remote] o.o.selenium.remote.ProtocolHandshake    : Detected dialect: W3C
2023-01-17 16:44:05.268  INFO 10524 --- [ null to remote] o.o.selenium.remote.ProtocolHandshake    : Detected dialect: W3C
]]></system-out>
  <system-err><![CDATA[Starting ChromeDriver 108.0.5359.71 (1e0e3868ee06e91ad636a874420e3ca3ae3756ac-refs/branch-heads/5359@{#1016}) on port 39161
Only local connections are allowed.
Please see https://chromedriver.chromium.org/security-considerations for suggestions on keeping ChromeDriver safe.
ChromeDriver was started successfully.
[1673970080.222][WARNING]: This version of ChromeDriver has not been tested with Chrome version 109.
Starting ChromeDriver 108.0.5359.71 (1e0e3868ee06e91ad636a874420e3ca3ae3756ac-refs/branch-heads/5359@{#1016}) on port 33388
Only local connections are allowed.
Please see https://chromedriver.chromium.org/security-considerations for suggestions on keeping ChromeDriver safe.
ChromeDriver was started successfully.
[1673970086.822][WARNING]: This version of ChromeDriver has not been tested with Chrome version 109.
Starting ChromeDriver 108.0.5359.71 (1e0e3868ee06e91ad636a874420e3ca3ae3756ac-refs/branch-heads/5359@{#1016}) on port 31675
Only local connections are allowed.
Please see https://chromedriver.chromium.org/security-considerations for suggestions on keeping ChromeDriver safe.
ChromeDriver was started successfully.
[1673970090.998][WARNING]: This version of ChromeDriver has not been tested with Chrome version 109.
Starting ChromeDriver 108.0.5359.71 (1e0e3868ee06e91ad636a874420e3ca3ae3756ac-refs/branch-heads/5359@{#1016}) on port 11486
Only local connections are allowed.
Please see https://chromedriver.chromium.org/security-considerations for suggestions on keeping ChromeDriver safe.
ChromeDriver was started successfully.
[1673970095.416][WARNING]: This version of ChromeDriver has not been tested with Chrome version 109.
Starting ChromeDriver 108.0.5359.71 (1e0e3868ee06e91ad636a874420e3ca3ae3756ac-refs/branch-heads/5359@{#1016}) on port 33588
Only local connections are allowed.
Please see https://chromedriver.chromium.org/security-considerations for suggestions on keeping ChromeDriver safe.
ChromeDriver was started successfully.
[1673970099.615][WARNING]: This version of ChromeDriver has not been tested with Chrome version 109.
Starting ChromeDriver 108.0.5359.71 (1e0e3868ee06e91ad636a874420e3ca3ae3756ac-refs/branch-heads/5359@{#1016}) on port 21127
Only local connections are allowed.
Please see https://chromedriver.chromium.org/security-considerations for suggestions on keeping ChromeDriver safe.
ChromeDriver was started successfully.
[1673970103.727][WARNING]: This version of ChromeDriver has not been tested with Chrome version 109.
Starting ChromeDriver 108.0.5359.71 (1e0e3868ee06e91ad636a874420e3ca3ae3756ac-refs/branch-heads/5359@{#1016}) on port 11231
Only local connections are allowed.
Please see https://chromedriver.chromium.org/security-considerations for suggestions on keeping ChromeDriver safe.
ChromeDriver was started successfully.
[1673970107.890][WARNING]: This version of ChromeDriver has not been tested with Chrome version 109.
Starting ChromeDriver 108.0.5359.71 (1e0e3868ee06e91ad636a874420e3ca3ae3756ac-refs/branch-heads/5359@{#1016}) on port 6026
Only local connections are allowed.
Please see https://chromedriver.chromium.org/security-considerations for suggestions on keeping ChromeDriver safe.
ChromeDriver was started successfully.
[1673970112.383][WARNING]: This version of ChromeDriver has not been tested with Chrome version 109.
Starting ChromeDriver 108.0.5359.71 (1e0e3868ee06e91ad636a874420e3ca3ae3756ac-refs/branch-heads/5359@{#1016}) on port 23067
Only local connections are allowed.
Please see https://chromedriver.chromium.org/security-considerations for suggestions on keeping ChromeDriver safe.
ChromeDriver was started successfully.
[1673970116.961][WARNING]: This version of ChromeDriver has not been tested with Chrome version 109.
Starting ChromeDriver 108.0.5359.71 (1e0e3868ee06e91ad636a874420e3ca3ae3756ac-refs/branch-heads/5359@{#1016}) on port 23044
Only local connections are allowed.
Please see https://chromedriver.chromium.org/security-considerations for suggestions on keeping ChromeDriver safe.
ChromeDriver was started successfully.
[1673970120.436][WARNING]: This version of ChromeDriver has not been tested with Chrome version 109.
Starting ChromeDriver 108.0.5359.71 (1e0e3868ee06e91ad636a874420e3ca3ae3756ac-refs/branch-heads/5359@{#1016}) on port 2243
Only local connections are allowed.
Please see https://chromedriver.chromium.org/security-considerations for suggestions on keeping ChromeDriver safe.
ChromeDriver was started successfully.
[1673970124.080][WARNING]: This version of ChromeDriver has not been tested with Chrome version 109.
Starting ChromeDriver 108.0.5359.71 (1e0e3868ee06e91ad636a874420e3ca3ae3756ac-refs/branch-heads/5359@{#1016}) on port 3702
Only local connections are allowed.
Please see https://chromedriver.chromium.org/security-considerations for suggestions on keeping ChromeDriver safe.
ChromeDriver was started successfully.
[1673970127.551][WARNING]: This version of ChromeDriver has not been tested with Chrome version 109.
Starting ChromeDriver 108.0.5359.71 (1e0e3868ee06e91ad636a874420e3ca3ae3756ac-refs/branch-heads/5359@{#1016}) on port 27600
Only local connections are allowed.
Please see https://chromedriver.chromium.org/security-considerations for suggestions on keeping ChromeDriver safe.
ChromeDriver was started successfully.
[1673970131.085][WARNING]: This version of ChromeDriver has not been tested with Chrome version 109.
Starting ChromeDriver 108.0.5359.71 (1e0e3868ee06e91ad636a874420e3ca3ae3756ac-refs/branch-heads/5359@{#1016}) on port 4842
Only local connections are allowed.
Please see https://chromedriver.chromium.org/security-considerations for suggestions on keeping ChromeDriver safe.
ChromeDriver was started successfully.
[1673970134.751][WARNING]: This version of ChromeDriver has not been tested with Chrome version 109.
Starting ChromeDriver 108.0.5359.71 (1e0e3868ee06e91ad636a874420e3ca3ae3756ac-refs/branch-heads/5359@{#1016}) on port 11075
Only local connections are allowed.
Please see https://chromedriver.chromium.org/security-considerations for suggestions on keeping ChromeDriver safe.
ChromeDriver was started successfully.
[1673970138.396][WARNING]: This version of ChromeDriver has not been tested with Chrome version 109.
Starting ChromeDriver 108.0.5359.71 (1e0e3868ee06e91ad636a874420e3ca3ae3756ac-refs/branch-heads/5359@{#1016}) on port 42509
Only local connections are allowed.
Please see https://chromedriver.chromium.org/security-considerations for suggestions on keeping ChromeDriver safe.
ChromeDriver was started successfully.
[1673970142.046][WARNING]: This version of ChromeDriver has not been tested with Chrome version 109.
Starting ChromeDriver 108.0.5359.71 (1e0e3868ee06e91ad636a874420e3ca3ae3756ac-refs/branch-heads/5359@{#1016}) on port 22404
Only local connections are allowed.
Please see https://chromedriver.chromium.org/security-considerations for suggestions on keeping ChromeDriver safe.
ChromeDriver was started successfully.
[1673970146.204][WARNING]: This version of ChromeDriver has not been tested with Chrome version 109.
Starting ChromeDriver 108.0.5359.71 (1e0e3868ee06e91ad636a874420e3ca3ae3756ac-refs/branch-heads/5359@{#1016}) on port 22332
Only local connections are allowed.
Please see https://chromedriver.chromium.org/security-considerations for suggestions on keeping ChromeDriver safe.
ChromeDriver was started successfully.
[1673970150.196][WARNING]: This version of ChromeDriver has not been tested with Chrome version 109.
Starting ChromeDriver 108.0.5359.71 (1e0e3868ee06e91ad636a874420e3ca3ae3756ac-refs/branch-heads/5359@{#1016}) on port 6798
Only local connections are allowed.
Please see https://chromedriver.chromium.org/security-considerations for suggestions on keeping ChromeDriver safe.
ChromeDriver was started successfully.
[1673970154.258][WARNING]: This version of ChromeDriver has not been tested with Chrome version 109.
Starting ChromeDriver 108.0.5359.71 (1e0e3868ee06e91ad636a874420e3ca3ae3756ac-refs/branch-heads/5359@{#1016}) on port 21203
Only local connections are allowed.
Please see https://chromedriver.chromium.org/security-considerations for suggestions on keeping ChromeDriver safe.
ChromeDriver was started successfully.
[1673970158.350][WARNING]: This version of ChromeDriver has not been tested with Chrome version 109.
Starting ChromeDriver 108.0.5359.71 (1e0e3868ee06e91ad636a874420e3ca3ae3756ac-refs/branch-heads/5359@{#1016}) on port 23424
Only local connections are allowed.
Please see https://chromedriver.chromium.org/security-considerations for suggestions on keeping ChromeDriver safe.
ChromeDriver was started successfully.
[1673970162.327][WARNING]: This version of ChromeDriver has not been tested with Chrome version 109.
Starting ChromeDriver 108.0.5359.71 (1e0e3868ee06e91ad636a874420e3ca3ae3756ac-refs/branch-heads/5359@{#1016}) on port 41155
Only local connections are allowed.
Please see https://chromedriver.chromium.org/security-considerations for suggestions on keeping ChromeDriver safe.
ChromeDriver was started successfully.
[1673970166.413][WARNING]: This version of ChromeDriver has not been tested with Chrome version 109.
Starting ChromeDriver 108.0.5359.71 (1e0e3868ee06e91ad636a874420e3ca3ae3756ac-refs/branch-heads/5359@{#1016}) on port 8489
Only local connections are allowed.
Please see https://chromedriver.chromium.org/security-considerations for suggestions on keeping ChromeDriver safe.
ChromeDriver was started successfully.
[1673970170.464][WARNING]: This version of ChromeDriver has not been tested with Chrome version 109.
Starting ChromeDriver 108.0.5359.71 (1e0e3868ee06e91ad636a874420e3ca3ae3756ac-refs/branch-heads/5359@{#1016}) on port 4135
Only local connections are allowed.
Please see https://chromedriver.chromium.org/security-considerations for suggestions on keeping ChromeDriver safe.
ChromeDriver was started successfully.
[1673970174.476][WARNING]: This version of ChromeDriver has not been tested with Chrome version 109.
Starting ChromeDriver 108.0.5359.71 (1e0e3868ee06e91ad636a874420e3ca3ae3756ac-refs/branch-heads/5359@{#1016}) on port 26778
Only local connections are allowed.
Please see https://chromedriver.chromium.org/security-considerations for suggestions on keeping ChromeDriver safe.
ChromeDriver was started successfully.
[1673970178.724][WARNING]: This version of ChromeDriver has not been tested with Chrome version 109.
Starting ChromeDriver 108.0.5359.71 (1e0e3868ee06e91ad636a874420e3ca3ae3756ac-refs/branch-heads/5359@{#1016}) on port 17261
Only local connections are allowed.
Please see https://chromedriver.chromium.org/security-considerations for suggestions on keeping ChromeDriver safe.
ChromeDriver was started successfully.
[1673970182.861][WARNING]: This version of ChromeDriver has not been tested with Chrome version 109.
Starting ChromeDriver 108.0.5359.71 (1e0e3868ee06e91ad636a874420e3ca3ae3756ac-refs/branch-heads/5359@{#1016}) on port 5687
Only local connections are allowed.
Please see https://chromedriver.chromium.org/security-considerations for suggestions on keeping ChromeDriver safe.
ChromeDriver was started successfully.
[1673970186.941][WARNING]: This version of ChromeDriver has not been tested with Chrome version 109.
Starting ChromeDriver 108.0.5359.71 (1e0e3868ee06e91ad636a874420e3ca3ae3756ac-refs/branch-heads/5359@{#1016}) on port 24006
Only local connections are allowed.
Please see https://chromedriver.chromium.org/security-considerations for suggestions on keeping ChromeDriver safe.
ChromeDriver was started successfully.
[1673970191.113][WARNING]: This version of ChromeDriver has not been tested with Chrome version 109.
Starting ChromeDriver 108.0.5359.71 (1e0e3868ee06e91ad636a874420e3ca3ae3756ac-refs/branch-heads/5359@{#1016}) on port 11875
Only local connections are allowed.
Please see https://chromedriver.chromium.org/security-considerations for suggestions on keeping ChromeDriver safe.
ChromeDriver was started successfully.
[1673970195.347][WARNING]: This version of ChromeDriver has not been tested with Chrome version 109.
Starting ChromeDriver 108.0.5359.71 (1e0e3868ee06e91ad636a874420e3ca3ae3756ac-refs/branch-heads/5359@{#1016}) on port 36973
Only local connections are allowed.
Please see https://chromedriver.chromium.org/security-considerations for suggestions on keeping ChromeDriver safe.
ChromeDriver was started successfully.
[1673970199.445][WARNING]: This version of ChromeDriver has not been tested with Chrome version 109.
Starting ChromeDriver 108.0.5359.71 (1e0e3868ee06e91ad636a874420e3ca3ae3756ac-refs/branch-heads/5359@{#1016}) on port 23872
Only local connections are allowed.
Please see https://chromedriver.chromium.org/security-considerations for suggestions on keeping ChromeDriver safe.
ChromeDriver was started successfully.
[1673970203.563][WARNING]: This version of ChromeDriver has not been tested with Chrome version 109.
Starting ChromeDriver 108.0.5359.71 (1e0e3868ee06e91ad636a874420e3ca3ae3756ac-refs/branch-heads/5359@{#1016}) on port 43230
Only local connections are allowed.
Please see https://chromedriver.chromium.org/security-considerations for suggestions on keeping ChromeDriver safe.
ChromeDriver was started successfully.
[1673970207.647][WARNING]: This version of ChromeDriver has not been tested with Chrome version 109.
Starting ChromeDriver 108.0.5359.71 (1e0e3868ee06e91ad636a874420e3ca3ae3756ac-refs/branch-heads/5359@{#1016}) on port 10867
Only local connections are allowed.
Please see https://chromedriver.chromium.org/security-considerations for suggestions on keeping ChromeDriver safe.
ChromeDriver was started successfully.
[1673970211.735][WARNING]: This version of ChromeDriver has not been tested with Chrome version 109.
Starting ChromeDriver 108.0.5359.71 (1e0e3868ee06e91ad636a874420e3ca3ae3756ac-refs/branch-heads/5359@{#1016}) on port 12195
Only local connections are allowed.
Please see https://chromedriver.chromium.org/security-considerations for suggestions on keeping ChromeDriver safe.
ChromeDriver was started successfully.
[1673970215.411][WARNING]: This version of ChromeDriver has not been tested with Chrome version 109.
Starting ChromeDriver 108.0.5359.71 (1e0e3868ee06e91ad636a874420e3ca3ae3756ac-refs/branch-heads/5359@{#1016}) on port 20943
Only local connections are allowed.
Please see https://chromedriver.chromium.org/security-considerations for suggestions on keeping ChromeDriver safe.
ChromeDriver was started successfully.
[1673970219.225][WARNING]: This version of ChromeDriver has not been tested with Chrome version 109.
Starting ChromeDriver 108.0.5359.71 (1e0e3868ee06e91ad636a874420e3ca3ae3756ac-refs/branch-heads/5359@{#1016}) on port 17925
Only local connections are allowed.
Please see https://chromedriver.chromium.org/security-considerations for suggestions on keeping ChromeDriver safe.
ChromeDriver was started successfully.
[1673970224.084][WARNING]: This version of ChromeDriver has not been tested with Chrome version 109.
Starting ChromeDriver 108.0.5359.71 (1e0e3868ee06e91ad636a874420e3ca3ae3756ac-refs/branch-heads/5359@{#1016}) on port 30461
Only local connections are allowed.
Please see https://chromedriver.chromium.org/security-considerations for suggestions on keeping ChromeDriver safe.
ChromeDriver was started successfully.
[1673970228.907][WARNING]: This version of ChromeDriver has not been tested with Chrome version 109.
Starting ChromeDriver 108.0.5359.71 (1e0e3868ee06e91ad636a874420e3ca3ae3756ac-refs/branch-heads/5359@{#1016}) on port 38747
Only local connections are allowed.
Please see https://chromedriver.chromium.org/security-considerations for suggestions on keeping ChromeDriver safe.
ChromeDriver was started successfully.
[1673970232.427][WARNING]: This version of ChromeDriver has not been tested with Chrome version 109.
Starting ChromeDriver 108.0.5359.71 (1e0e3868ee06e91ad636a874420e3ca3ae3756ac-refs/branch-heads/5359@{#1016}) on port 17608
Only local connections are allowed.
Please see https://chromedriver.chromium.org/security-considerations for suggestions on keeping ChromeDriver safe.
ChromeDriver was started successfully.
[1673970236.410][WARNING]: This version of ChromeDriver has not been tested with Chrome version 109.
Starting ChromeDriver 108.0.5359.71 (1e0e3868ee06e91ad636a874420e3ca3ae3756ac-refs/branch-heads/5359@{#1016}) on port 48205
Only local connections are allowed.
Please see https://chromedriver.chromium.org/security-considerations for suggestions on keeping ChromeDriver safe.
ChromeDriver was started successfully.
[1673970240.271][WARNING]: This version of ChromeDriver has not been tested with Chrome version 109.
Starting ChromeDriver 108.0.5359.71 (1e0e3868ee06e91ad636a874420e3ca3ae3756ac-refs/branch-heads/5359@{#1016}) on port 39076
Only local connections are allowed.
Please see https://chromedriver.chromium.org/security-considerations for suggestions on keeping ChromeDriver safe.
ChromeDriver was started successfully.
[1673970242.527][WARNING]: This version of ChromeDriver has not been tested with Chrome version 109.
Starting ChromeDriver 108.0.5359.71 (1e0e3868ee06e91ad636a874420e3ca3ae3756ac-refs/branch-heads/5359@{#1016}) on port 13313
Only local connections are allowed.
Please see https://chromedriver.chromium.org/security-considerations for suggestions on keeping ChromeDriver safe.
ChromeDriver was started successfully.
[1673970244.799][WARNING]: This version of ChromeDriver has not been tested with Chrome version 109.
]]></system-err>
</testsuite>
